2024-01-22 13:12:12,287 [INFO] Activator:176 - 


2024-01-22 13:12:12,303 [INFO] Activator:177 - !SESSION log4j initialized
2024-01-22 13:12:24,751 [INFO] LogOutputStream:77 - [STDOUT_REDIRECT] 
2024-01-22 13:12:28,548 [INFO] ApplicationProperties:184 - Using Application install path: C:\ST\STM32CubeIDE_1.14.0\STM32CubeIDE\plugins\com.st.stm32cube.common.mx_6.10.0.202311202037
2024-01-22 13:12:28,595 [INFO] DbMcusXml:78 - Set database path to: C:\ST\STM32CubeIDE_1.14.0\STM32CubeIDE\plugins\com.st.stm32cube.common.mx_6.10.0.202311202037\\db\/mcu/
2024-01-22 13:12:28,595 [INFO] ApiDb:274 - Set plugin database path to: C:\ST\STM32CubeIDE_1.14.0\STM32CubeIDE\plugins\com.st.stm32cube.common.mx_6.10.0.202311202037\\db\/plugins/boardmanager/
2024-01-22 13:12:28,595 [WARN] ApiDb:259 - Overriding images path with different value:  => C:\ST\STM32CubeIDE_1.14.0\STM32CubeIDE\plugins\com.st.stm32cube.common.mx_6.10.0.202311202037\\db\/plugins/mcufinder/images/
2024-01-22 13:12:28,611 [INFO] ApiDb:250 - Set database path to: C:\Users\otabek\.stmcufinder\plugins\mcufinder//mcu/
2024-01-22 13:12:28,611 [INFO] DbMcusAds:125 - Set database path to: C:\Users\otabek\.stmcufinder\plugins\mcufinder//mcu/
2024-01-22 13:12:28,626 [INFO] CrossReferenceDbSqlite:203 - Set database path to: C:\Users\otabek\.stmcufinder\plugins\mcufinder//mcu/cs/
2024-01-22 13:12:28,900 [INFO] RulesReader:64 - Compatibility file has been processed (297 Rules)
2024-01-22 13:12:29,103 [INFO] DbMcusXml:78 - Set database path to: C:\ST\STM32CubeIDE_1.14.0\STM32CubeIDE\plugins\com.st.stm32cube.common.mx_6.10.0.202311202037\\db\/mcu/
2024-01-22 13:12:29,103 [INFO] ApiDb:274 - Set plugin database path to: C:\ST\STM32CubeIDE_1.14.0\STM32CubeIDE\plugins\com.st.stm32cube.common.mx_6.10.0.202311202037\\db\/plugins/boardmanager/
2024-01-22 13:12:29,103 [INFO] ApiDb:261 - Set plugin images path to: C:\ST\STM32CubeIDE_1.14.0\STM32CubeIDE\plugins\com.st.stm32cube.common.mx_6.10.0.202311202037\\db\/plugins/mcufinder/images/
2024-01-22 13:12:29,103 [WARN] DbFile:41 - Overriding database path with different value: C:\Users\otabek\.stmcufinder\plugins\mcufinder/ => C:\Users\otabek\.stmcufinder\plugins\mcufinder
2024-01-22 13:12:29,103 [INFO] ApiDb:250 - Set database path to: C:\Users\otabek\.stmcufinder\plugins\mcufinder//mcu/
2024-01-22 13:12:29,103 [WARN] DbFile:41 - Overriding database path with different value: C:\Users\otabek\.stmcufinder\plugins\mcufinder/ => C:\Users\otabek\.stmcufinder\plugins\mcufinder
2024-01-22 13:12:29,103 [INFO] DbMcusAds:125 - Set database path to: C:\Users\otabek\.stmcufinder\plugins\mcufinder//mcu/
2024-01-22 13:12:29,103 [WARN] DbFile:41 - Overriding database path with different value: C:\Users\otabek\.stmcufinder\plugins\mcufinder/ => C:\Users\otabek\.stmcufinder\plugins\mcufinder
2024-01-22 13:12:29,103 [WARN] DbFile:41 - Overriding database path with different value: C:\Users\otabek\.stmcufinder\plugins\mcufinder/ => C:\Users\otabek\.stmcufinder\plugins\mcufinder
2024-01-22 13:12:29,103 [INFO] CrossReferenceDbSqlite:203 - Set database path to: C:\Users\otabek\.stmcufinder\plugins\mcufinder//mcu/cs/
2024-01-22 13:12:29,275 [INFO] MainPanel:264 - HeapMemory: 268435456
2024-01-22 13:12:29,463 [INFO] DbMcusXml:78 - Set database path to: C:\ST\STM32CubeIDE_1.14.0\STM32CubeIDE\plugins\com.st.stm32cube.common.mx_6.10.0.202311202037\\db\/mcu/
2024-01-22 13:12:29,463 [INFO] ApiDb:274 - Set plugin database path to: C:\ST\STM32CubeIDE_1.14.0\STM32CubeIDE\plugins\com.st.stm32cube.common.mx_6.10.0.202311202037\\db\/plugins/boardmanager/
2024-01-22 13:12:29,463 [INFO] ApiDb:261 - Set plugin images path to: C:\ST\STM32CubeIDE_1.14.0\STM32CubeIDE\plugins\com.st.stm32cube.common.mx_6.10.0.202311202037\\db\/plugins/mcufinder/images/
2024-01-22 13:12:29,463 [WARN] DbFile:41 - Overriding database path with different value: C:\Users\otabek\.stmcufinder\plugins\mcufinder/ => C:\Users\otabek\.stmcufinder\plugins\mcufinder
2024-01-22 13:12:29,463 [INFO] ApiDb:250 - Set database path to: C:\Users\otabek\.stmcufinder\plugins\mcufinder//mcu/
2024-01-22 13:12:29,463 [WARN] DbFile:41 - Overriding database path with different value: C:\Users\otabek\.stmcufinder\plugins\mcufinder/ => C:\Users\otabek\.stmcufinder\plugins\mcufinder
2024-01-22 13:12:29,463 [INFO] DbMcusAds:125 - Set database path to: C:\Users\otabek\.stmcufinder\plugins\mcufinder//mcu/
2024-01-22 13:12:29,463 [WARN] DbFile:41 - Overriding database path with different value: C:\Users\otabek\.stmcufinder\plugins\mcufinder/ => C:\Users\otabek\.stmcufinder\plugins\mcufinder
2024-01-22 13:12:29,463 [WARN] DbFile:41 - Overriding database path with different value: C:\Users\otabek\.stmcufinder\plugins\mcufinder/ => C:\Users\otabek\.stmcufinder\plugins\mcufinder
2024-01-22 13:12:29,463 [INFO] CrossReferenceDbSqlite:203 - Set database path to: C:\Users\otabek\.stmcufinder\plugins\mcufinder//mcu/cs/
2024-01-22 13:12:29,494 [INFO] ApplicationProperties:184 - Using Application install path: C:\ST\STM32CubeIDE_1.14.0\STM32CubeIDE\plugins\com.st.stm32cube.common.mx_6.10.0.202311202037
2024-01-22 13:12:29,510 [INFO] PluginManage:196 - Search for loadable plugins [exclusion list=, ]
2024-01-22 13:12:29,510 [INFO] PluginManage:310 - Check plugin analytics
2024-01-22 13:12:29,853 [INFO] AnalyticsPlugin:253 - Accepted Software Licenses: 
2024-01-22 13:12:29,869 [INFO] AnalyticsPlugin:255 - Accepted CMSIS Pack Licenses: 
2024-01-22 13:12:29,869 [INFO] AnalyticsPlugin:257 - Accepted Firmware Licenses: 
2024-01-22 13:12:29,869 [INFO] PluginManage:359 - Loaded plugin analytics (category:tool,tabindex:-1)
2024-01-22 13:12:29,869 [INFO] PluginManage:310 - Check plugin cadmodel
2024-01-22 13:12:29,900 [INFO] CADModel:105 - Init CAD model plugin
2024-01-22 13:12:29,900 [INFO] PluginManage:359 - Loaded plugin cadmodel (category:power,tabindex:5)
2024-01-22 13:12:29,900 [INFO] PluginManage:310 - Check plugin clock
2024-01-22 13:12:29,963 [INFO] PluginManage:359 - Loaded plugin clock (category:base,tabindex:2)
2024-01-22 13:12:29,963 [INFO] PluginManage:310 - Check plugin ddr
2024-01-22 13:12:29,963 [INFO] PluginManage:359 - Loaded plugin ddr (category:tool,tabindex:6)
2024-01-22 13:12:29,963 [INFO] PluginManage:310 - Check plugin filemanager
2024-01-22 13:12:30,291 [INFO] PluginManage:359 - Loaded plugin filemanager (category:base,tabindex:10)
2024-01-22 13:12:30,291 [INFO] PluginManage:310 - Check plugin ipmanager
2024-01-22 13:12:30,306 [INFO] PluginManage:359 - Loaded plugin ipmanager (category:base,tabindex:5)
2024-01-22 13:12:30,306 [INFO] PluginManage:310 - Check plugin lpbam
2024-01-22 13:12:30,353 [INFO] PluginManage:359 - Loaded plugin lpbam (category:base,tabindex:0)
2024-01-22 13:12:30,353 [INFO] PluginManage:310 - Check plugin memorymap
2024-01-22 13:12:30,416 [INFO] PluginManage:359 - Loaded plugin memorymap (category:base,tabindex:4)
2024-01-22 13:12:30,416 [INFO] PluginManage:310 - Check plugin pinoutandconfiguration
2024-01-22 13:12:30,463 [INFO] PluginManage:359 - Loaded plugin pinoutandconfiguration (category:base,tabindex:1)
2024-01-22 13:12:30,463 [INFO] PluginManage:310 - Check plugin pinoutconfig
2024-01-22 13:12:30,666 [WARN] SupportedApi:132 - Cannot load RTOS API schema: s4s-elt-must-match.1: The content of 'definitions' must match (annotation?, (simpleType | complexType)?, (unique | key | keyref)*)). A problem was found starting at: attribute.
2024-01-22 13:12:30,963 [INFO] PluginManage:359 - Loaded plugin pinoutconfig (category:base,tabindex:0)
2024-01-22 13:12:30,963 [INFO] PluginManage:310 - Check plugin power
2024-01-22 13:12:30,994 [INFO] PluginManage:359 - Loaded plugin power (category:power,tabindex:4)
2024-01-22 13:12:30,994 [INFO] PluginManage:310 - Check plugin projectmanager
2024-01-22 13:12:31,025 [INFO] PluginManage:359 - Loaded plugin projectmanager (category:projectmanager,tabindex:3)
2024-01-22 13:12:31,025 [INFO] PluginManage:310 - Check plugin thirdparty
2024-01-22 13:12:31,650 [INFO] PluginManage:359 - Loaded plugin thirdparty (category:base,tabindex:-1)
2024-01-22 13:12:31,650 [WARN] IntegrityCheckThread:84 - waiting for thirdparty lock release [integrity check]
2024-01-22 13:12:31,650 [INFO] PluginManage:310 - Check plugin tools
2024-01-22 13:12:31,661 [INFO] IntegrityCheckThread:86 - entering critical section [integrity check]
2024-01-22 13:12:31,661 [INFO] ThirdPartyUpdaterWithRetryManager:70 - Updater plugin not ready yet. [1/15]
2024-01-22 13:12:31,739 [INFO] PluginManage:359 - Loaded plugin tools (category:base,tabindex:7)
2024-01-22 13:12:31,739 [INFO] PluginManage:310 - Check plugin tutovideos
2024-01-22 13:12:32,207 [INFO] PluginManage:359 - Loaded plugin tutovideos (category:base,tabindex:-1)
2024-01-22 13:12:32,207 [INFO] PluginManage:310 - Check plugin updater
2024-01-22 13:12:32,223 [INFO] PluginManage:359 - Loaded plugin updater (category:base,tabindex:12)
2024-01-22 13:12:32,239 [INFO] PluginManage:310 - Check plugin userauth
2024-01-22 13:12:32,239 [INFO] UserAuth:114 - Init User Auth plugin
2024-01-22 13:12:32,239 [INFO] PluginManage:359 - Loaded plugin userauth (category:base,tabindex:14)
2024-01-22 13:12:32,254 [INFO] PluginManage:283 - PluginManage : Loaded plugins [17]
2024-01-22 13:12:32,751 [INFO] PinOutPanel:1499 - setPackage(No Configuration,No Configuration)
2024-01-22 13:12:32,923 [INFO] CADModel:165 - CPN selected for project level
2024-01-22 13:12:32,923 [INFO] CADModel:114 - Register for checkConnection events
2024-01-22 13:12:32,986 [INFO] IPUIPlugin:80 - create IPUIPlugin
2024-01-22 13:12:32,986 [INFO] PluginManager:220 - loadIPPluginJar : add adc
2024-01-22 13:12:33,064 [INFO] IPUIPlugin:80 - create IPUIPlugin
2024-01-22 13:12:33,064 [INFO] PluginManager:220 - loadIPPluginJar : add aes
2024-01-22 13:12:33,142 [INFO] IPUIPlugin:80 - create IPUIPlugin
2024-01-22 13:12:33,142 [INFO] PluginManager:220 - loadIPPluginJar : add can
2024-01-22 13:12:33,189 [INFO] IPUIPlugin:80 - create IPUIPlugin
2024-01-22 13:12:33,189 [INFO] PluginManager:220 - loadIPPluginJar : add comp
2024-01-22 13:12:33,251 [INFO] IPUIPlugin:80 - create IPUIPlugin
2024-01-22 13:12:33,251 [INFO] PluginManager:220 - loadIPPluginJar : add cryp
2024-01-22 13:12:33,314 [INFO] IPUIPlugin:80 - create IPUIPlugin
2024-01-22 13:12:33,314 [INFO] PluginManager:220 - loadIPPluginJar : add dfsdm
2024-01-22 13:12:33,345 [INFO] IPUIPlugin:80 - create IPUIPlugin
2024-01-22 13:12:33,345 [INFO] PluginManager:220 - loadIPPluginJar : add dma
2024-01-22 13:12:33,439 [INFO] IPUIPlugin:80 - create IPUIPlugin
2024-01-22 13:12:33,439 [INFO] PluginManager:220 - loadIPPluginJar : add dma3
2024-01-22 13:12:33,486 [INFO] IPUIPlugin:80 - create IPUIPlugin
2024-01-22 13:12:33,486 [INFO] PluginManager:220 - loadIPPluginJar : add fatfs
2024-01-22 13:12:33,580 [INFO] IPUIPlugin:80 - create IPUIPlugin
2024-01-22 13:12:33,580 [INFO] PluginManager:220 - loadIPPluginJar : add fmc
2024-01-22 13:12:33,611 [INFO] IPUIPlugin:80 - create IPUIPlugin
2024-01-22 13:12:33,611 [INFO] PluginManager:220 - loadIPPluginJar : add freertos
2024-01-22 13:12:33,658 [INFO] IPUIPlugin:80 - create IPUIPlugin
2024-01-22 13:12:33,673 [INFO] PluginManager:220 - loadIPPluginJar : add genericplugin
2024-01-22 13:12:33,876 [INFO] IPUIPlugin:80 - create IPUIPlugin
2024-01-22 13:12:33,876 [INFO] PluginManager:220 - loadIPPluginJar : add gfxmmu
2024-01-22 13:12:34,161 [INFO] IPUIPlugin:80 - create IPUIPlugin
2024-01-22 13:12:34,161 [INFO] PluginManager:220 - loadIPPluginJar : add gic
2024-01-22 13:12:34,198 [INFO] IPUIPlugin:80 - create IPUIPlugin
2024-01-22 13:12:34,198 [INFO] PluginManager:220 - loadIPPluginJar : add gpio
2024-01-22 13:12:34,386 [INFO] IPUIPlugin:80 - create IPUIPlugin
2024-01-22 13:12:34,386 [INFO] PluginManager:220 - loadIPPluginJar : add gtzc
2024-01-22 13:12:34,466 [INFO] IPUIPlugin:80 - create IPUIPlugin
2024-01-22 13:12:34,466 [INFO] PluginManager:220 - loadIPPluginJar : add hash
2024-01-22 13:12:34,560 [INFO] IPUIPlugin:80 - create IPUIPlugin
2024-01-22 13:12:34,560 [INFO] PluginManager:220 - loadIPPluginJar : add i2c
2024-01-22 13:12:34,657 [INFO] IPUIPlugin:80 - create IPUIPlugin
2024-01-22 13:12:34,657 [INFO] PluginManager:220 - loadIPPluginJar : add i2s
2024-01-22 13:12:34,672 [INFO] ThirdPartyUpdaterWithRetryManager:70 - Updater plugin not ready yet. [2/15]
2024-01-22 13:12:34,751 [INFO] IPUIPlugin:80 - create IPUIPlugin
2024-01-22 13:12:34,751 [INFO] PluginManager:220 - loadIPPluginJar : add i3c
2024-01-22 13:12:34,941 [INFO] IPUIPlugin:80 - create IPUIPlugin
2024-01-22 13:12:34,941 [INFO] PluginManager:220 - loadIPPluginJar : add ipddr
2024-01-22 13:12:35,128 [INFO] IPUIPlugin:80 - create IPUIPlugin
2024-01-22 13:12:35,128 [INFO] PluginManager:220 - loadIPPluginJar : add linkedlist
2024-01-22 13:12:35,211 [INFO] IPUIPlugin:80 - create IPUIPlugin
2024-01-22 13:12:35,211 [INFO] PluginManager:220 - loadIPPluginJar : add lorawan
2024-01-22 13:12:35,290 [INFO] IPUIPlugin:80 - create IPUIPlugin
2024-01-22 13:12:35,290 [INFO] PluginManager:220 - loadIPPluginJar : add ltdc
2024-01-22 13:12:35,321 [INFO] IPUIPlugin:80 - create IPUIPlugin
2024-01-22 13:12:35,321 [INFO] PluginManager:220 - loadIPPluginJar : add mdma
2024-01-22 13:12:35,336 [INFO] IPUIPlugin:80 - create IPUIPlugin
2024-01-22 13:12:35,336 [INFO] PluginManager:220 - loadIPPluginJar : add nvic
2024-01-22 13:12:35,415 [INFO] IPUIPlugin:80 - create IPUIPlugin
2024-01-22 13:12:35,415 [INFO] PluginManager:220 - loadIPPluginJar : add opamp
2024-01-22 13:12:35,571 [INFO] IPUIPlugin:80 - create IPUIPlugin
2024-01-22 13:12:35,571 [INFO] PluginManager:220 - loadIPPluginJar : add openamp
2024-01-22 13:12:35,649 [INFO] IPUIPlugin:80 - create IPUIPlugin
2024-01-22 13:12:35,649 [INFO] PluginManager:220 - loadIPPluginJar : add pdm2pcm
2024-01-22 13:12:35,696 [INFO] IPUIPlugin:80 - create IPUIPlugin
2024-01-22 13:12:35,696 [INFO] PluginManager:220 - loadIPPluginJar : add plateformsettings
2024-01-22 13:12:35,743 [INFO] IPUIPlugin:80 - create IPUIPlugin
2024-01-22 13:12:35,743 [INFO] PluginManager:220 - loadIPPluginJar : add quadspi
2024-01-22 13:12:35,774 [INFO] IPUIPlugin:80 - create IPUIPlugin
2024-01-22 13:12:35,774 [INFO] PluginManager:220 - loadIPPluginJar : add resmgrutility
2024-01-22 13:12:35,868 [INFO] IPUIPlugin:80 - create IPUIPlugin
2024-01-22 13:12:35,868 [INFO] PluginManager:220 - loadIPPluginJar : add sai
2024-01-22 13:12:35,946 [INFO] IPUIPlugin:80 - create IPUIPlugin
2024-01-22 13:12:35,946 [INFO] PluginManager:220 - loadIPPluginJar : add spi
2024-01-22 13:12:36,086 [INFO] IPUIPlugin:80 - create IPUIPlugin
2024-01-22 13:12:36,086 [INFO] PluginManager:220 - loadIPPluginJar : add stm32_wpan
2024-01-22 13:12:36,148 [INFO] IPUIPlugin:80 - create IPUIPlugin
2024-01-22 13:12:36,148 [INFO] PluginManager:220 - loadIPPluginJar : add tim
2024-01-22 13:12:36,257 [INFO] IPUIPlugin:80 - create IPUIPlugin
2024-01-22 13:12:36,257 [INFO] PluginManager:220 - loadIPPluginJar : add touchsensing
2024-01-22 13:12:36,304 [INFO] IPUIPlugin:80 - create IPUIPlugin
2024-01-22 13:12:36,304 [INFO] PluginManager:220 - loadIPPluginJar : add tracer_emb
2024-01-22 13:12:36,351 [INFO] IPUIPlugin:80 - create IPUIPlugin
2024-01-22 13:12:36,351 [INFO] PluginManager:220 - loadIPPluginJar : add ts
2024-01-22 13:12:36,398 [INFO] IPUIPlugin:80 - create IPUIPlugin
2024-01-22 13:12:36,398 [INFO] PluginManager:220 - loadIPPluginJar : add tsc
2024-01-22 13:12:36,445 [INFO] IPUIPlugin:80 - create IPUIPlugin
2024-01-22 13:12:36,445 [INFO] PluginManager:220 - loadIPPluginJar : add ucpd
2024-01-22 13:12:36,538 [INFO] IPUIPlugin:80 - create IPUIPlugin
2024-01-22 13:12:36,538 [INFO] PluginManager:220 - loadIPPluginJar : add usart
2024-01-22 13:12:36,616 [INFO] IPUIPlugin:80 - create IPUIPlugin
2024-01-22 13:12:36,632 [INFO] PluginManager:220 - loadIPPluginJar : add usbx
2024-01-22 13:12:36,847 [INFO] CADModel:165 - CPN selected for project level
2024-01-22 13:12:36,847 [INFO] CADModel:114 - Register for checkConnection events
2024-01-22 13:12:36,847 [FATAL] Updater:308 - Updater called before beeing initialized
2024-01-22 13:12:36,847 [ERROR] CADModel:125 - Updater not yet initialized, retry later 
2024-01-22 13:12:37,202 [INFO] CADModel:165 - CPN selected for project level
2024-01-22 13:12:37,202 [INFO] CADModel:114 - Register for checkConnection events
2024-01-22 13:12:37,202 [FATAL] Updater:308 - Updater called before beeing initialized
2024-01-22 13:12:37,202 [ERROR] CADModel:125 - Updater not yet initialized, retry later 
2024-01-22 13:12:37,202 [FATAL] Updater:308 - Updater called before beeing initialized
2024-01-22 13:12:37,483 [FATAL] Updater:308 - Updater called before beeing initialized
2024-01-22 13:12:37,514 [INFO] DbMcusAds:53 - JSON generation date=Wed Nov 29 19:52:27 KST 2023 (1701255147200)
2024-01-22 13:12:37,514 [FATAL] Updater:308 - Updater called before beeing initialized
2024-01-22 13:12:37,686 [INFO] ThirdPartyUpdaterWithRetryManager:70 - Updater plugin not ready yet. [3/15]
2024-01-22 13:12:37,686 [WARN] DetailPanel:346 - Failed to get advertising image, set to default
2024-01-22 13:12:37,843 [FATAL] Updater:308 - Updater called before beeing initialized
2024-01-22 13:12:37,843 [FATAL] Updater:308 - Updater called before beeing initialized
2024-01-22 13:12:37,843 [FATAL] Updater:308 - Updater called before beeing initialized
2024-01-22 13:12:37,843 [WARN] DetailPanel:346 - Failed to get advertising image, set to default
2024-01-22 13:12:37,843 [FATAL] Updater:308 - Updater called before beeing initialized
2024-01-22 13:12:37,990 [ERROR] Updater:1120 - MainUpdater not yet initialized. External WinMGr cannot be set.
2024-01-22 13:12:38,006 [INFO] Updater:1056 - Updater Version found : 6.10.0
2024-01-22 13:12:38,068 [INFO] ApplicationProperties:184 - Using Application install path: C:\ST\STM32CubeIDE_1.14.0\STM32CubeIDE\plugins\com.st.stm32cube.common.mx_6.10.0.202311202037
2024-01-22 13:12:39,714 [ERROR] LogOutputStream:75 - [STDERR_REDIRECT] Jan 22, 2024 1:12:39 PM java.util.prefs.WindowsPreferences <init>
2024-01-22 13:12:39,714 [ERROR] LogOutputStream:75 - [STDERR_REDIRECT] WARNING: Could not open/create prefs root node Software\JavaSoft\Prefs at root 0xffffffff80000002. Windows RegCreateKeyEx(...) returned error code 5.
2024-01-22 13:12:39,730 [ERROR] LogOutputStream:75 - [STDERR_REDIRECT] 
2024-01-22 13:12:40,699 [FATAL] Updater:308 - Updater called before beeing initialized
2024-01-22 13:12:40,699 [ERROR] IntegrityCheckThread:130 - Cannot retrieve database content from updater: error 21
2024-01-22 13:12:40,699 [INFO] ThirdParty:978 - Integrity check success = false
2024-01-22 13:12:40,699 [INFO] IntegrityCheckThread:100 - exiting critical section [integrity check]
2024-01-22 13:12:40,699 [INFO] IntegrityCheckThread:103 - End integrity checks thread
2024-01-22 13:12:40,801 [INFO] MainUpdater:2873 - connection check result : 10
2024-01-22 13:12:40,801 [INFO] MainUpdater:290 - Updater Check For Update Now.
2024-01-22 13:12:40,801 [INFO] MicroXplorer:498 - Change Database Version : DB.6.0.100
2024-01-22 13:12:40,843 [INFO] McuFinderGlobals:63 - Set McuFinder mode to 2 (CubeIDE integrated)
2024-01-22 13:12:41,176 [INFO] CheckServerUpdateThread:120 - End of CheckServer Thread
2024-01-22 13:12:41,745 [INFO] UserAuth:404 - Internet connection configuration mode: 1
2024-01-22 13:12:41,812 [INFO] JxBrowserEngine:152 - Initiate JxBrowser Engine with user profile folder
2024-01-22 13:12:47,504 [INFO] WebApp:161 - Instantiating new browser for Auth
2024-01-22 13:12:48,702 [INFO] WebApp:780 - Register for checkConnection events
2024-01-22 13:12:48,702 [INFO] WebApp:414 - Apply proxy settings
2024-01-22 13:12:48,702 [INFO] WebApp:499 - Chromium requires no authentication
2024-01-22 13:12:48,733 [INFO] WebApp:442 - Direct internet connection detected
2024-01-22 13:12:49,094 [INFO] WebApp:192 - Starting web application
2024-01-22 13:12:49,094 [INFO] WebApp:544 - Web application path used C:\ST\STM32CubeIDE_1.14.0\STM32CubeIDE\plugins\com.st.stm32cube.common.mx_6.10.0.202311202037\db\plugins\mcufinder\reactClient1\index.html
2024-01-22 13:13:11,550 [ERROR] LogOutputStream:75 - [STDERR_REDIRECT] SLF4J: Failed to load class "org.slf4j.impl.StaticLoggerBinder".
2024-01-22 13:13:11,552 [ERROR] LogOutputStream:75 - [STDERR_REDIRECT] SLF4J: Defaulting to no-operation (NOP) logger implementation
2024-01-22 13:13:11,554 [ERROR] LogOutputStream:75 - [STDERR_REDIRECT] SLF4J: See http://www.slf4j.org/codes.html#StaticLoggerBinder for further details.
2024-01-22 13:45:07,994 [INFO] McuFinderGlobals:63 - Set McuFinder mode to 2 (CubeIDE integrated)
2024-01-22 13:45:08,054 [INFO] MainUpdater:2873 - connection check result : 10
2024-01-22 13:45:08,070 [INFO] MainUpdater:2873 - connection check result : 10
2024-01-22 13:45:08,515 [INFO] MicroXplorer:468 - Change Database Path : 
2024-01-22 13:45:08,516 [INFO] MicroXplorer:498 - Change Database Version : DB.6.0.100
2024-01-22 13:45:08,525 [WARN] ThirdParty:871 - waiting for thirdparty lock release [close project]
2024-01-22 13:45:08,525 [INFO] ThirdParty:873 - entering critical section [close project]
2024-01-22 13:45:08,527 [INFO] ThirdParty:883 - exiting critical section [close project]
2024-01-22 13:45:08,534 [INFO] PinOutPanel:1499 - setPackage(No Configuration,No Configuration)
2024-01-22 13:45:08,542 [INFO] UtilMem:75 - Begin LoadConfig() Used Memory: 701875480 Bytes (968884224)
2024-01-22 13:45:08,546 [INFO] MicroXplorer:468 - Change Database Path : 
2024-01-22 13:45:08,547 [INFO] MicroXplorer:498 - Change Database Version : DB.6.0.100
2024-01-22 13:45:08,548 [INFO] OpenFileManager:312 - Change cursor
2024-01-22 13:45:08,570 [WARN] IntegrityCheckThread:84 - waiting for thirdparty lock release [integrity check]
2024-01-22 13:45:08,571 [INFO] IntegrityCheckThread:86 - entering critical section [integrity check]
2024-01-22 13:45:09,069 [WARN] PackLoader:240 - Cannot read IP mode file for STMicroelectronics.X-CUBE-SMBUS.2.1.0
2024-01-22 13:45:09,126 [WARN] PackLoader:240 - Cannot read IP mode file for STMicroelectronics.X-CUBE-TOUCHGFX.4.23.0
2024-01-22 13:45:09,270 [WARN] PackLoader:240 - Cannot read IP mode file for STMicroelectronics.X-CUBE-AZRTOS-F7.1.1.0
2024-01-22 13:45:09,336 [WARN] PackLoader:240 - Cannot read IP mode file for STMicroelectronics.FP-SNS-MOTENV1.4.3.2
2024-01-22 13:45:09,389 [WARN] PackLoader:240 - Cannot read IP mode file for STMicroelectronics.FP-SNS-FLIGHT1.5.0.2
2024-01-22 13:45:09,445 [WARN] PackLoader:240 - Cannot read IP mode file for STMicroelectronics.X-CUBE-DISPLAY.3.0.0
2024-01-22 13:45:09,511 [WARN] PackLoader:240 - Cannot read IP mode file for STMicroelectronics.X-CUBE-BLE1.7.0.0
2024-01-22 13:45:09,575 [WARN] PackLoader:240 - Cannot read IP mode file for emotas.I-CUBE-CANOPEN.1.3.0
2024-01-22 13:45:09,626 [WARN] PackLoader:240 - Cannot read IP mode file for STMicroelectronics.FP-SNS-SMARTAG2.1.2.0
2024-01-22 13:45:09,691 [INFO] LogOutputStream:77 - [STDOUT_REDIRECT] 1 : Invalid condition id : UX_CORESTACK_Condition cause : null
2024-01-22 13:45:09,693 [INFO] LogOutputStream:77 - [STDOUT_REDIRECT] 1 : Invalid condition id : UX_CORESTACK_Condition cause : null
2024-01-22 13:45:09,697 [INFO] LogOutputStream:77 - [STDOUT_REDIRECT] 1 : Invalid condition id : UX_CORESTACK_Condition cause : null
2024-01-22 13:45:09,701 [INFO] LogOutputStream:77 - [STDOUT_REDIRECT] 1 : Invalid condition id : UX_CORESTACK_Condition cause : null
2024-01-22 13:45:09,704 [INFO] LogOutputStream:77 - [STDOUT_REDIRECT] 1 : Invalid condition id : UX_CORESTACK_Condition cause : null
2024-01-22 13:45:09,716 [WARN] PackLoader:240 - Cannot read IP mode file for STMicroelectronics.X-CUBE-AZRTOS-WL.2.0.0
2024-01-22 13:45:09,778 [WARN] PackLoader:240 - Cannot read IP mode file for WES.I-CUBE-Cesium.1.3.0
2024-01-22 13:45:09,855 [WARN] PackLoader:240 - Cannot read IP mode file for STMicroelectronics.X-CUBE-BLE2.3.3.0
2024-01-22 13:45:09,904 [WARN] PackLoader:240 - Cannot read IP mode file for STMicroelectronics.X-CUBE-ALGOBUILD.1.3.0
2024-01-22 13:45:09,989 [WARN] PackLoader:240 - Cannot read IP mode file for STMicroelectronics.X-CUBE-AZRTOS-G0.1.1.0
2024-01-22 13:45:10,040 [WARN] PackLoader:240 - Cannot read IP mode file for STMicroelectronics.X-CUBE-NFC4.3.0.0
2024-01-22 13:45:10,089 [WARN] PackLoader:240 - Cannot read IP mode file for STMicroelectronics.X-CUBE-BLEMGR.3.0.0
2024-01-22 13:45:10,125 [WARN] PackLoader:240 - Cannot read IP mode file for STMicroelectronics.FP-ATR-SIGFOX1.3.2.0
2024-01-22 13:45:10,200 [WARN] PackLoader:240 - Cannot read IP mode file for SEGGER.I-CUBE-embOS.1.3.1
2024-01-22 13:45:10,318 [WARN] PackLoader:240 - Cannot read IP mode file for STMicroelectronics.X-CUBE-GNSS1.6.0.0
2024-01-22 13:45:10,387 [WARN] PackLoader:240 - Cannot read IP mode file for STMicroelectronics.X-CUBE-AZRTOS-F4.1.1.0
2024-01-22 13:45:10,465 [WARN] PackLoader:240 - Cannot read IP mode file for STMicroelectronics.X-CUBE-AZRTOS-L5.2.0.0
2024-01-22 13:45:10,507 [WARN] PackLoader:240 - Cannot read IP mode file for STMicroelectronics.X-CUBE-EEPRMA1.4.2.0
2024-01-22 13:45:10,546 [WARN] PackLoader:240 - Cannot read IP mode file for ITTIA_DB.I-CUBE-ITTIADB.8.8.0
2024-01-22 13:45:10,585 [WARN] PackLoader:240 - Cannot read IP mode file for STMicroelectronics.X-CUBE-NFC7.1.0.1
2024-01-22 13:45:10,624 [WARN] PackLoader:240 - Cannot read IP mode file for STMicroelectronics.X-CUBE-NFC6.3.0.0
2024-01-22 13:45:10,661 [WARN] PackLoader:240 - Cannot read IP mode file for STMicroelectronics.X-CUBE-AI.8.1.0
2024-01-22 13:45:10,724 [WARN] ConditionMgr:438 - getConditionDescription Invalid condition id : LAN8742 Phy interface Condition cause : null
2024-01-22 13:45:10,726 [WARN] PackLoader:240 - Cannot read IP mode file for STMicroelectronics.X-CUBE-AZRTOS-L4.2.0.0
2024-01-22 13:45:10,730 [WARN] ConditionMgr:1039 - genDependencies : Invalid condition id : LAN8742 Phy interface Condition cause : null
2024-01-22 13:45:10,731 [WARN] ConditionMgr:1039 - genDependencies : Invalid condition id : LAN8742 Phy interface Condition cause : null
2024-01-22 13:45:10,734 [WARN] ConditionMgr:1039 - genDependencies : Invalid condition id : LAN8742 Phy interface Condition cause : null
2024-01-22 13:45:10,778 [WARN] PackLoader:240 - Cannot read IP mode file for STMicroelectronics.X-CUBE-SFXS2LP1.4.0.0
2024-01-22 13:45:10,838 [WARN] ConditionMgr:438 - getConditionDescription Invalid condition id : UX DEVICE CLASS RTOS Condition cause : null
2024-01-22 13:45:10,839 [WARN] ConditionMgr:438 - getConditionDescription Invalid condition id : UX DEVICE CLASS RTOS Condition cause : null
2024-01-22 13:45:10,844 [WARN] PackLoader:240 - Cannot read IP mode file for STMicroelectronics.X-CUBE-AZRTOS-WB.2.0.0
2024-01-22 13:45:10,846 [WARN] ConditionMgr:1039 - genDependencies : Invalid condition id : UX DEVICE CLASS RTOS Condition cause : null
2024-01-22 13:45:10,849 [WARN] ConditionMgr:1039 - genDependencies : Invalid condition id : UX DEVICE CLASS RTOS Condition cause : null
2024-01-22 13:45:10,850 [WARN] ConditionMgr:1039 - genDependencies : Invalid condition id : UX DEVICE CLASS RTOS Condition cause : null
2024-01-22 13:45:10,851 [WARN] ConditionMgr:1039 - genDependencies : Invalid condition id : UX DEVICE CLASS RTOS Condition cause : null
2024-01-22 13:45:10,852 [WARN] ConditionMgr:1039 - genDependencies : Invalid condition id : UX DEVICE CLASS RTOS Condition cause : null
2024-01-22 13:45:10,896 [WARN] PackLoader:240 - Cannot read IP mode file for STMicroelectronics.X-CUBE-SUBG2.5.0.0
2024-01-22 13:45:10,976 [WARN] PackLoader:240 - Cannot read IP mode file for STMicroelectronics.X-CUBE-AZRTOS-G4.2.0.0
2024-01-22 13:45:11,041 [WARN] PackLoader:240 - Cannot read IP mode file for Infineon.AIROC-Wi-Fi-Bluetooth-STM32.1.5.1
2024-01-22 13:45:11,082 [WARN] PackLoader:240 - Cannot read IP mode file for STMicroelectronics.FP-SNS-MOTENVWB1.1.3.1
2024-01-22 13:45:11,118 [WARN] PackLoader:240 - Cannot read IP mode file for STMicroelectronics.X-CUBE-ISPU.2.0.0
2024-01-22 13:45:11,230 [WARN] PackLoader:240 - Cannot read IP mode file for STMicroelectronics.X-CUBE-MEMS1.10.0.0
2024-01-22 13:45:11,478 [WARN] PackLoader:240 - Cannot read IP mode file for STMicroelectronics.X-CUBE-FREERTOS.1.1.0
2024-01-22 13:45:11,515 [WARN] PackLoader:240 - Cannot read IP mode file for portGmbH.I-Cube-SoM-uGOAL.1.1.0
2024-01-22 13:45:11,544 [WARN] PackLoader:240 - Cannot read IP mode file for STMicroelectronics.X-CUBE-ALS.1.0.1
2024-01-22 13:45:11,577 [WARN] PackLoader:240 - Cannot read IP mode file for STMicroelectronics.FP-ATR-ASTRA1.2.0.0
2024-01-22 13:45:11,625 [WARN] PackLoader:240 - Cannot read IP mode file for STMicroelectronics.X-CUBE-TOF1.3.4.0
2024-01-22 13:45:11,733 [WARN] PackLoader:240 - Cannot read IP mode file for STMicroelectronics.X-CUBE-AZRTOS-H7.3.2.0
2024-01-22 13:45:11,740 [INFO] ThirdParty:978 - Integrity check success = true
2024-01-22 13:45:11,740 [INFO] IntegrityCheckThread:100 - exiting critical section [integrity check]
2024-01-22 13:45:11,740 [INFO] IntegrityCheckThread:103 - End integrity checks thread
2024-01-22 13:45:11,809 [INFO] Mcu:2016 - Initializing MCU STM32F103R(8-B)Tx STM32F103RBTx STM32F103RBT6
2024-01-22 13:45:14,802 [INFO] Context:659 - Trying to add GPIOservice into a context  which must be forbidden
2024-01-22 13:45:15,787 [INFO] RtosManager:555 - Registered RTOS mode: class=CMSIS, group=RTOS, mode=CMSIS_V1, owner=FREERTOS
2024-01-22 13:45:15,788 [INFO] RtosManager:555 - Registered RTOS mode: class=CMSIS, group=RTOS2, mode=CMSIS_V2, owner=FREERTOS
2024-01-22 13:45:15,789 [INFO] RtosManager:555 - Registered RTOS mode: class=RTOS, group=Core, mode=CMSIS_V1, owner=FREERTOS
2024-01-22 13:45:15,790 [INFO] RtosManager:555 - Registered RTOS mode: class=RTOS, group=Core, mode=CMSIS_V2, owner=FREERTOS
2024-01-22 13:45:15,791 [WARN] ModelIntegratedComponent:184 - Missing modes for component STMicroelectronics:FreeRTOS:0.0.1:STMicroelectronics:RTOS:FreeRTOS:Core:::10.2.0:
2024-01-22 13:45:15,838 [WARN] ModelIntegratedComponent:63 - No mode defined for component null
2024-01-22 13:45:15,839 [WARN] ModelIntegratedComponent:63 - No mode defined for component null
2024-01-22 13:45:15,840 [WARN] ModelIntegratedComponent:63 - No mode defined for component null
2024-01-22 13:45:15,840 [WARN] ModelIntegratedComponent:63 - No mode defined for component null
2024-01-22 13:45:15,840 [WARN] ModelIntegratedComponent:63 - No mode defined for component null
2024-01-22 13:45:15,840 [WARN] ModelIntegratedComponent:63 - No mode defined for component null
2024-01-22 13:45:15,841 [WARN] ModelIntegratedComponent:63 - No mode defined for component null
2024-01-22 13:45:15,841 [WARN] ModelIntegratedComponent:63 - No mode defined for component null
2024-01-22 13:45:15,841 [WARN] ModelIntegratedComponent:63 - No mode defined for component null
2024-01-22 13:45:15,841 [WARN] ModelIntegratedComponent:63 - No mode defined for component null
2024-01-22 13:45:15,841 [WARN] ModelIntegratedComponent:63 - No mode defined for component null
2024-01-22 13:45:15,841 [WARN] ModelIntegratedComponent:63 - No mode defined for component null
2024-01-22 13:45:15,842 [WARN] ModelIntegratedComponent:63 - No mode defined for component null
2024-01-22 13:45:15,842 [WARN] ModelIntegratedComponent:63 - No mode defined for component null
2024-01-22 13:45:15,842 [WARN] ModelIntegratedComponent:63 - No mode defined for component null
2024-01-22 13:45:15,842 [WARN] ModelIntegratedComponent:63 - No mode defined for component null
2024-01-22 13:45:15,842 [WARN] ModelIntegratedComponent:63 - No mode defined for component null
2024-01-22 13:45:15,842 [WARN] ModelIntegratedComponent:63 - No mode defined for component null
2024-01-22 13:45:15,843 [WARN] ModelIntegratedComponent:63 - No mode defined for component null
2024-01-22 13:45:15,843 [WARN] ModelIntegratedComponent:63 - No mode defined for component null
2024-01-22 13:45:15,843 [WARN] ModelIntegratedComponent:63 - No mode defined for component null
2024-01-22 13:45:15,843 [WARN] ModelIntegratedComponent:63 - No mode defined for component null
2024-01-22 13:45:15,843 [WARN] ModelIntegratedComponent:63 - No mode defined for component null
2024-01-22 13:45:15,843 [WARN] ModelIntegratedComponent:63 - No mode defined for component null
2024-01-22 13:45:15,843 [WARN] ModelIntegratedComponent:63 - No mode defined for component null
2024-01-22 13:45:15,844 [WARN] ModelIntegratedComponent:63 - No mode defined for component null
2024-01-22 13:45:15,844 [WARN] ModelIntegratedComponent:63 - No mode defined for component null
2024-01-22 13:45:15,844 [WARN] ModelIntegratedComponent:63 - No mode defined for component null
2024-01-22 13:45:15,844 [WARN] ModelIntegratedComponent:63 - No mode defined for component null
2024-01-22 13:45:15,844 [WARN] ModelIntegratedComponent:63 - No mode defined for component null
2024-01-22 13:45:15,845 [WARN] ModelIntegratedComponent:63 - No mode defined for component null
2024-01-22 13:45:15,845 [WARN] ModelIntegratedComponent:63 - No mode defined for component null
2024-01-22 13:45:15,845 [WARN] ModelIntegratedComponent:63 - No mode defined for component null
2024-01-22 13:45:16,083 [INFO] ThirdPartyModel:298 - Start build external matchings
2024-01-22 13:45:16,462 [INFO] ThirdPartyModel:316 - End build external matchings
2024-01-22 13:45:17,139 [INFO] UtilMem:75 - End LoadConfig() Used Memory: 692849152 Bytes (1073741824)
2024-01-22 13:45:17,420 [INFO] ApiDb:581 - Connected to CubeFinder SQLite database (C:\Users\otabek\.stmcufinder\plugins\mcufinder\mcu\cube-finder-db.db)
2024-01-22 13:45:17,553 [INFO] ApiDb:668 - CubeFinder database Data Model version=2.1
2024-01-22 13:45:17,554 [INFO] ApiDb:669 - CubeFinder database Configuration version=3.0.39
2024-01-22 13:45:17,558 [INFO] ApiDb:670 - CubeFinder database generation date=2023-12-08 (1702028721)
2024-01-22 13:45:17,558 [INFO] ApiDb:671 - CubeFinder database FW Pack versions=[FP-ATR-ASTRA1_V2.0.0, FP-SNS-FLIGHT1_V5.0.1, FP-SNS-FLIGHT1_V5.0.2, FP-SNS-MOTENV1_V4.3.1, FP-SNS-MOTENV1_V4.3.2, FP-SNS-MOTENVWB1_V1.3.1, FP-SNS-SMARTAG2_V1.2.0, STM32Cube_FW_C0_V1.1.0, STM32Cube_FW_F4_V1.28.0, STM32Cube_FW_F7_V1.17.0, STM32Cube_FW_G0_V1.6.1, STM32Cube_FW_G4_V1.5.1, STM32Cube_FW_H5_V0.5.1, STM32Cube_FW_H5_V1.1.1, STM32Cube_FW_H5_V1.2.0RC2, STM32Cube_FW_H7_V1.11.0, STM32Cube_FW_L0_V1.12.2, STM32Cube_FW_L5_V1.5.0, STM32Cube_FW_U5_V1.3.0RC4, STM32Cube_FW_U5_V1.4.0, STM32Cube_FW_WBA_V1.0.0RC1, STM32Cube_FW_WBA_V1.1.0RC1, STM32Cube_FW_WBA_V1.2.0, STM32Cube_FW_WBA_V1.2.0RC2, STM32Cube_FW_WB_V1.15.0RC1, STM32Cube_FW_WB_V1.16.0, STM32Cube_FW_WB_V1.16.0RC2, STM32Cube_FW_WB_V1.18.0, STM32Cube_FW_WL_V1.3.0, X-CUBE-ALGOBUILD_V1.3.0, X-CUBE-ALS_V1.0.1, X-CUBE-AZRTOS-F4_V1.1.0, X-CUBE-AZRTOS-F7_V1.1.0, X-CUBE-AZRTOS-G0_V1.1.0, X-CUBE-AZRTOS-G4_V2.0.0, X-CUBE-AZRTOS-H7_V3.1.0, X-CUBE-AZRTOS-L4_V1.0.0, X-CUBE-AZRTOS-L4_V2.0.0, X-CUBE-AZRTOS-L5_V1.1.0, X-CUBE-AZRTOS-WB_V2.0.0, X-CUBE-AZRTOS-WL_V2.0.0, X-CUBE-BLE1_V7.0.0, X-CUBE-BLE2_V3.3.0, X-CUBE-BLEMGR_V3.0.0, X-CUBE-EEPRMA1_V4.1.0, X-CUBE-EEPRMA1_V4.2.0, X-CUBE-FREERTOS_V1.1.0, X-CUBE-GNSS1_V6.0.0, X-CUBE-MEMS1_V10.0.0, X-CUBE-MEMS1_V9.1.0, X-CUBE-MEMS1_V9.4.0, X-CUBE-MEMS1_V9.6.0, X-CUBE-NFC4_V3.0.0, X-CUBE-NFC7_V1.0.1, X-CUBE-SFXS2LP1_V4.0.0, X-CUBE-SUBG2_V5.0.0, X-CUBE-TOF1_V3.4.0]
2024-01-22 13:45:21,563 [INFO] ApiDb:240 - Found 371 in-development CPN: [B-G473E-ZEST1S, B-WB1M-WPAN1, B-WL5M-SUBG1, NUCLEO-C031C6, NUCLEO-H503RB, NUCLEO-H563ZI, NUCLEO-U545RE-Q, NUCLEO-U5A5ZJ-Q, NUCLEO-WBA52CG, NUCLEO-WBA55CG, STEVAL-MKBOXPRO, STEVAL-PROTEUS1, STEVAL-STWINBX1, STM320518-EVAL, STM32C0116-DK, STM32C011D6Y3TR, STM32C011D6Y6TR, STM32C011F4P3, STM32C011F4P6, STM32C011F4U3, STM32C011F4U6TR, STM32C011F6P3, STM32C011F6P6, STM32C011F6U3, STM32C011F6U6TR, STM32C011J4M3, STM32C011J4M6, STM32C011J6M3, STM32C011J6M6, STM32C0316-DK, STM32C031C4T3, STM32C031C4T6, STM32C031C4U3, STM32C031C4U6, STM32C031C6T3, STM32C031C6T6, STM32C031C6U3, STM32C031C6U6, STM32C031F4P3, STM32C031F4P6, STM32C031F6P3, STM32C031F6P6, STM32C031G4U3, STM32C031G4U6, STM32C031G6U3, STM32C031G6U6, STM32C031K4T3, STM32C031K4T6, STM32C031K4U3, STM32C031K4U6, STM32C031K6T3, STM32C031K6T6, STM32C031K6U3, STM32C031K6U6, STM32G071K8TXN, STM32G071K8UXN, STM32G081GBU6N, STM32G081KBT6N, STM32G081KBUXN, STM32G0B1CCT6N, STM32G0B1KCT6, STM32G0B1NEY6TR, STM32G0B1RCT6N, STM32G0C1CCT6, STM32G0C1CCT6N, STM32G0C1CCU6N, STM32G0C1CET6N, STM32G0C1CEU6N, STM32G0C1KCT6, STM32G0C1NEY6TR, STM32G0C1RCI6N, STM32G0C1RCT6N, STM32G0C1REI6N, STM32G0C1RET6N, STM32G0C1VCI6, STM32G0C1VEI6, STM32G471CCT6, STM32G471CCU6, STM32G471CET3, STM32G471CET6, STM32G471CEU3, STM32G471CEU6, STM32G471MCT6, STM32G471MET3, STM32G471MET6, STM32G471MEY6TR, STM32G471QCT6, STM32G471QET3, STM32G471RCT6, STM32G471RET3, STM32G471RET6, STM32G471VCH6, STM32G471VCI6, STM32G471VCT6, STM32G471VEH3, STM32G471VEH6, STM32G471VEI3, STM32G471VEI6, STM32G471VET3, STM32G471VET6, STM32G474CCT6, STM32H503CBT6, STM32H503CBU6, STM32H503EBY6TR, STM32H503KBU6, STM32H503RBT6, STM32H562AGI6, STM32H562AII6, STM32H562IGK6, STM32H562IGT6, STM32H562IIK6, STM32H562IIT6, STM32H562RGT6, STM32H562RGV6, STM32H562RIT6, STM32H562RIV6, STM32H562VGT6, STM32H562VIT6, STM32H562ZGT6, STM32H562ZIT6, STM32H563AGI6, STM32H563AII3Q, STM32H563AII6, STM32H563IGK6, STM32H563IGT6, STM32H563IIK3Q, STM32H563IIK6, STM32H563IIT3Q, STM32H563IIT6, STM32H563MIY3QTR, STM32H563RGT6, STM32H563RGV6, STM32H563RIT6, STM32H563RIV6, STM32H563VGT6, STM32H563VIT3Q, STM32H563VIT6, STM32H563ZGT6, STM32H563ZIT3Q, STM32H563ZIT6, STM32H573AII3Q, STM32H573AII6, STM32H573I-DK, STM32H573IIK3Q, STM32H573IIK6, STM32H573IIT3Q, STM32H573IIT6, STM32H573MIY3QTR, STM32H573RIT6, STM32H573RIV6, STM32H573VIT3Q, STM32H573VIT6, STM32H573ZIT3Q, STM32H573ZIT6, STM32L4R5QGI6STR, STM32MP131AAE3, STM32MP131AAF3, STM32MP131AAG3, STM32MP131CAE3, STM32MP131CAF3, STM32MP131CAG3, STM32MP131DAE7, STM32MP131DAF7, STM32MP131DAG7, STM32MP131FAE7, STM32MP131FAF7, STM32MP131FAG7, STM32MP133AAE3, STM32MP133AAF3, STM32MP133AAG3, STM32MP133CAE3, STM32MP133CAF3, STM32MP133CAG3, STM32MP133DAE7, STM32MP133DAF7, STM32MP133DAG7, STM32MP133FAE7, STM32MP133FAF7, STM32MP133FAG7, STM32MP135AAE3, STM32MP135AAF3, STM32MP135AAG3, STM32MP135CAE3, STM32MP135CAF3, STM32MP135CAG3, STM32MP135DAE7, STM32MP135DAF7, STM32MP135DAG7, STM32MP135F-DK, STM32MP135FAE7, STM32MP135FAF7, STM32MP135FAF7T, STM32MP135FAF7U, STM32MP135FAG7, STM32U535CBT6, STM32U535CBT6Q, STM32U535CBU6, STM32U535CBU6Q, STM32U535CCT6, STM32U535CCT6Q, STM32U535CCU6, STM32U535CCU6Q, STM32U535CET6, STM32U535CET6Q, STM32U535CEU6, STM32U535CEU6Q, STM32U535JEY6QTR, STM32U535NCY6QTR, STM32U535NEY6QTR, STM32U535RBI6, STM32U535RBI6Q, STM32U535RBT6, STM32U535RBT6Q, STM32U535RCI6, STM32U535RCI6Q, STM32U535RCT6, STM32U535RCT6Q, STM32U535REI6, STM32U535REI6Q, STM32U535RET6, STM32U535RET6Q, STM32U535VCI6, STM32U535VCI6Q, STM32U535VCT6, STM32U535VCT6Q, STM32U535VEI6, STM32U535VEI6Q, STM32U535VET6, STM32U535VET6Q, STM32U545CET6, STM32U545CET6Q, STM32U545CEU6, STM32U545CEU6Q, STM32U545JEY6QTR, STM32U545NEY6QTR, STM32U545REI6, STM32U545REI6Q, STM32U545RET6, STM32U545RET6Q, STM32U545VEI6, STM32U545VEI6Q, STM32U545VET6, STM32U545VET6Q, STM32U595AIH6, STM32U595AIH6Q, STM32U595AJH6, STM32U595AJH6Q, STM32U595QII6, STM32U595QII6Q, STM32U595QJI6, STM32U595QJI6Q, STM32U595RIT6, STM32U595RIT6Q, STM32U595RJT6, STM32U595RJT6Q, STM32U595VIT6, STM32U595VIT6Q, STM32U595VJT6, STM32U595VJT6Q, STM32U595ZIT6, STM32U595ZIT6Q, STM32U595ZIY6QTR, STM32U595ZJT6, STM32U595ZJT6Q, STM32U595ZJY6QTR, STM32U599BJY6QTR, STM32U599NIH6Q, STM32U599NJH6Q, STM32U599VIT6Q, STM32U599VJT6, STM32U599VJT6Q, STM32U599ZIT6Q, STM32U599ZIY6QTR, STM32U599ZJT6Q, STM32U599ZJY6QTR, STM32U5A5AJH6, STM32U5A5AJH6Q, STM32U5A5QJI6, STM32U5A5QJI6Q, STM32U5A5RJT6, STM32U5A5RJT6Q, STM32U5A5VJT6, STM32U5A5VJT6Q, STM32U5A5ZJT6, STM32U5A5ZJT6Q, STM32U5A5ZJY6QTR, STM32U5A9BJY6QTR, STM32U5A9J-DK, STM32U5A9NJH6Q, STM32U5A9VJT6Q, STM32U5A9ZJT6Q, STM32U5A9ZJY6QTR, STM32U5F7VIT6, STM32U5F7VIT6Q, STM32U5F7VJT6, STM32U5F7VJT6Q, STM32U5F9BJY6QTR, STM32U5F9NJH6Q, STM32U5F9VIT6Q, STM32U5F9VJT6Q, STM32U5F9ZIJ6QTR, STM32U5F9ZIT6Q, STM32U5F9ZJJ6QTR, STM32U5F9ZJT6Q, STM32U5G7VJT6, STM32U5G7VJT6Q, STM32U5G9BJY6QTR, STM32U5G9J-DK1, STM32U5G9J-DK2, STM32U5G9NJH6Q, STM32U5G9VJT6Q, STM32U5G9ZJJ6QTR, STM32U5G9ZJT6Q, STM32WB1MMCH6, STM32WBA50KEU6, STM32WBA50KEU6TR, STM32WBA50KGU6, STM32WBA50KGU6TR, STM32WBA52CEU6, STM32WBA52CEU6TR, STM32WBA52CEU7, STM32WBA52CEU7TR, STM32WBA52CGU6, STM32WBA52CGU6TR, STM32WBA52CGU6U, STM32WBA52CGU7, STM32WBA52CGU7TR, STM32WBA52KEU6, STM32WBA52KEU6TR, STM32WBA52KGU6, STM32WBA52KGU6TR, STM32WBA54CEU6, STM32WBA54CEU6TR, STM32WBA54CEU7, STM32WBA54CEU7TR, STM32WBA54CGU6, STM32WBA54CGU6TR, STM32WBA54CGU7, STM32WBA54CGU7TR, STM32WBA54KEU6, STM32WBA54KEU6TR, STM32WBA54KEU7, STM32WBA54KEU7TR, STM32WBA54KGU6, STM32WBA54KGU6TR, STM32WBA54KGU7, STM32WBA54KGU7TR, STM32WBA55CEU6, STM32WBA55CEU6TR, STM32WBA55CEU7, STM32WBA55CEU7TR, STM32WBA55CGU6, STM32WBA55CGU6TR, STM32WBA55CGU6U, STM32WBA55CGU7, STM32WBA55CGU7TR, STM32WBA55G-DK1, STM32WBA55HEF6, STM32WBA55HEF7, STM32WBA55HGF6, STM32WBA55HGF7, STM32WBA55UEI6, STM32WBA55UEI6TR, STM32WBA55UEI7, STM32WBA55UEI7TR, STM32WBA55UGI6, STM32WBA55UGI6TR, STM32WBA55UGI7, STM32WBA55UGI7TR, STM32WL5MOCH6, STM32WL5MOCH6TR]
2024-01-22 13:45:21,573 [INFO] DbMcus:218 - Found 3930 MCUs, 3930 are supported
2024-01-22 13:45:21,575 [INFO] ApiDb:423 - Load user favorites file C:\Users\otabek/.stm32cubeide/favorites.mcus.txt: 0 item(s)
2024-01-22 13:45:21,576 [INFO] ApiDb:427 - User favorites MCUs=[]
2024-01-22 13:45:21,578 [INFO] DbMcus:224 - Set 0 / 0 favorites MCUs
2024-01-22 13:45:22,263 [INFO] MicroXplorer:468 - Change Database Path : 
2024-01-22 13:45:22,263 [INFO] MicroXplorer:498 - Change Database Version : DB.6.0.100
2024-01-22 13:45:22,264 [WARN] ThirdParty:833 - waiting for thirdparty lock release [change project]
2024-01-22 13:45:22,264 [INFO] ThirdParty:835 - entering critical section [change project]
2024-01-22 13:45:22,265 [INFO] ThirdParty:1030 - CMSIS Pack Vendor :STMicroelectronics USBPD 4.1
2024-01-22 13:45:22,265 [INFO] ThirdParty:1030 - CMSIS Pack Vendor :STMicroelectronics X-CUBE-GNSS1 6.0.0
2024-01-22 13:45:22,265 [INFO] ThirdParty:1030 - CMSIS Pack Vendor :STMicroelectronics USB_HOST 2.0.0
2024-01-22 13:45:22,265 [INFO] ThirdParty:1030 - CMSIS Pack Vendor :STMicroelectronics X-CUBE-AZRTOS-F4 1.1.0
2024-01-22 13:45:22,265 [INFO] ThirdParty:1030 - CMSIS Pack Vendor :STMicroelectronics LIBJPEG 8.0.0
2024-01-22 13:45:22,265 [INFO] ThirdParty:1030 - CMSIS Pack Vendor :STMicroelectronics X-CUBE-SMBUS 2.1.0
2024-01-22 13:45:22,265 [INFO] ThirdParty:1030 - CMSIS Pack Vendor :STMicroelectronics USB_DEVICE 3.0.0
2024-01-22 13:45:22,265 [INFO] ThirdParty:1030 - CMSIS Pack Vendor :STMicroelectronics X-CUBE-AZRTOS-WB 2.0.0
2024-01-22 13:45:22,265 [INFO] ThirdParty:1030 - CMSIS Pack Vendor :STMicroelectronics X-CUBE-TOUCHGFX 4.23.0
2024-01-22 13:45:22,265 [INFO] ThirdParty:1030 - CMSIS Pack Vendor :STMicroelectronics X-CUBE-AZRTOS-F7 1.1.0
2024-01-22 13:45:22,266 [INFO] ThirdParty:1030 - CMSIS Pack Vendor :STMicroelectronics X-CUBE-AZRTOS-L5 2.0.0
2024-01-22 13:45:22,266 [INFO] ThirdParty:1030 - CMSIS Pack Vendor :STMicroelectronics USB_DEVICE 2.0.0
2024-01-22 13:45:22,266 [INFO] ThirdParty:1030 - CMSIS Pack Vendor :STMicroelectronics X-CUBE-EEPRMA1 4.2.0
2024-01-22 13:45:22,266 [INFO] ThirdParty:1030 - CMSIS Pack Vendor :ITTIA_DB I-CUBE-ITTIADB 8.8.0
2024-01-22 13:45:22,266 [INFO] ThirdParty:1030 - CMSIS Pack Vendor :STMicroelectronics FP-SNS-MOTENV1 4.3.2
2024-01-22 13:45:22,266 [INFO] ThirdParty:1030 - CMSIS Pack Vendor :STMicroelectronics X-CUBE-ALGOBUILD 1.3.0
2024-01-22 13:45:22,266 [INFO] ThirdParty:1030 - CMSIS Pack Vendor :STMicroelectronics FreeRTOS 0.0.1
2024-01-22 13:45:22,266 [INFO] ThirdParty:1030 - CMSIS Pack Vendor :STMicroelectronics X-CUBE-AZRTOS-G0 1.1.0
2024-01-22 13:45:22,266 [INFO] ThirdParty:1030 - CMSIS Pack Vendor :STMicroelectronics X-CUBE-NFC4 3.0.0
2024-01-22 13:45:22,266 [INFO] ThirdParty:1030 - CMSIS Pack Vendor :STMicroelectronics X-CUBE-SUBG2 5.0.0
2024-01-22 13:45:22,266 [INFO] ThirdParty:1030 - CMSIS Pack Vendor :STMicroelectronics STM32_WPAN 1.0.0
2024-01-22 13:45:22,267 [INFO] ThirdParty:1030 - CMSIS Pack Vendor :STMicroelectronics lwIP 2.0.3
2024-01-22 13:45:22,267 [INFO] ThirdParty:1030 - CMSIS Pack Vendor :STMicroelectronics FP-SNS-FLIGHT1 5.0.2
2024-01-22 13:45:22,267 [INFO] ThirdParty:1030 - CMSIS Pack Vendor :STMicroelectronics USB_HOST 1.0.0
2024-01-22 13:45:22,267 [INFO] ThirdParty:1030 - CMSIS Pack Vendor :STMicroelectronics X-CUBE-AZRTOS-G4 2.0.0
2024-01-22 13:45:22,267 [INFO] ThirdParty:1030 - CMSIS Pack Vendor :STMicroelectronics PDM2PCM 3.1.0
2024-01-22 13:45:22,267 [INFO] ThirdParty:1030 - CMSIS Pack Vendor :Infineon AIROC-Wi-Fi-Bluetooth-STM32 1.5.1
2024-01-22 13:45:22,267 [INFO] ThirdParty:1030 - CMSIS Pack Vendor :STMicroelectronics X-CUBE-BLEMGR 3.0.0
2024-01-22 13:45:22,267 [INFO] ThirdParty:1030 - CMSIS Pack Vendor :STMicroelectronics PDM2PCM 3.3.0
2024-01-22 13:45:22,268 [INFO] ThirdParty:1030 - CMSIS Pack Vendor :STMicroelectronics X-CUBE-DISPLAY 3.0.0
2024-01-22 13:45:22,268 [INFO] ThirdParty:1030 - CMSIS Pack Vendor :STMicroelectronics FP-SNS-MOTENVWB1 1.3.1
2024-01-22 13:45:22,268 [INFO] ThirdParty:1030 - CMSIS Pack Vendor :STMicroelectronics X-CUBE-BLE1 7.0.0
2024-01-22 13:45:22,268 [INFO] ThirdParty:1030 - CMSIS Pack Vendor :STMicroelectronics FP-ATR-SIGFOX1 3.2.0
2024-01-22 13:45:22,268 [INFO] ThirdParty:1030 - CMSIS Pack Vendor :STMicroelectronics X-CUBE-ISPU 2.0.0
2024-01-22 13:45:22,268 [INFO] ThirdParty:1030 - CMSIS Pack Vendor :STMicroelectronics HAL Drivers 0.0.0
2024-01-22 13:45:22,268 [INFO] ThirdParty:1030 - CMSIS Pack Vendor :STMicroelectronics MBEDTLS 2.16.2
2024-01-22 13:45:22,268 [INFO] ThirdParty:1030 - CMSIS Pack Vendor :emotas I-CUBE-CANOPEN 1.3.0
2024-01-22 13:45:22,268 [INFO] ThirdParty:1030 - CMSIS Pack Vendor :STMicroelectronics X-CUBE-MEMS1 10.0.0
2024-01-22 13:45:22,269 [INFO] ThirdParty:1030 - CMSIS Pack Vendor :STMicroelectronics X-CUBE-FREERTOS 1.1.0
2024-01-22 13:45:22,269 [INFO] ThirdParty:1030 - CMSIS Pack Vendor :STMicroelectronics X-CUBE-NFC7 1.0.1
2024-01-22 13:45:22,269 [INFO] ThirdParty:1030 - CMSIS Pack Vendor :STMicroelectronics MBEDTLS 2.14.1
2024-01-22 13:45:22,269 [INFO] ThirdParty:1030 - CMSIS Pack Vendor :STMicroelectronics X-CUBE-NFC6 3.0.0
2024-01-22 13:45:22,269 [INFO] ThirdParty:1030 - CMSIS Pack Vendor :portGmbH I-Cube-SoM-uGOAL 1.1.0
2024-01-22 13:45:22,269 [INFO] ThirdParty:1030 - CMSIS Pack Vendor :STMicroelectronics X-CUBE-ALS 1.0.1
2024-01-22 13:45:22,269 [INFO] ThirdParty:1030 - CMSIS Pack Vendor :STMicroelectronics ThreadX 1.0.0
2024-01-22 13:45:22,269 [INFO] ThirdParty:1030 - CMSIS Pack Vendor :STMicroelectronics FP-SNS-SMARTAG2 1.2.0
2024-01-22 13:45:22,269 [INFO] ThirdParty:1030 - CMSIS Pack Vendor :STMicroelectronics X-CUBE-AZRTOS-WL 2.0.0
2024-01-22 13:45:22,269 [INFO] ThirdParty:1030 - CMSIS Pack Vendor :SEGGER I-CUBE-embOS 1.3.1
2024-01-22 13:45:22,269 [INFO] ThirdParty:1030 - CMSIS Pack Vendor :STMicroelectronics USB_DEVICE 1.0.0
2024-01-22 13:45:22,270 [INFO] ThirdParty:1030 - CMSIS Pack Vendor :STMicroelectronics X-CUBE-AI 8.1.0
2024-01-22 13:45:22,270 [INFO] ThirdParty:1030 - CMSIS Pack Vendor :STMicroelectronics X-CUBE-AZRTOS-L4 2.0.0
2024-01-22 13:45:22,270 [INFO] ThirdParty:1030 - CMSIS Pack Vendor :STMicroelectronics ThreadX 0.0.2
2024-01-22 13:45:22,270 [INFO] ThirdParty:1030 - CMSIS Pack Vendor :WES I-CUBE-Cesium 1.3.0
2024-01-22 13:45:22,270 [INFO] ThirdParty:1030 - CMSIS Pack Vendor :STMicroelectronics FP-ATR-ASTRA1 2.0.0
2024-01-22 13:45:22,270 [INFO] ThirdParty:1030 - CMSIS Pack Vendor :STMicroelectronics lwIP 2.1.2
2024-01-22 13:45:22,270 [INFO] ThirdParty:1030 - CMSIS Pack Vendor :STMicroelectronics X-CUBE-SFXS2LP1 4.0.0
2024-01-22 13:45:22,270 [INFO] ThirdParty:1030 - CMSIS Pack Vendor :STMicroelectronics X-CUBE-BLE2 3.3.0
2024-01-22 13:45:22,270 [INFO] ThirdParty:1030 - CMSIS Pack Vendor :STMicroelectronics X-CUBE-TOF1 3.4.0
2024-01-22 13:45:22,270 [INFO] ThirdParty:1030 - CMSIS Pack Vendor :STMicroelectronics X-CUBE-AZRTOS-H7 3.2.0
2024-01-22 13:45:22,270 [INFO] ThirdParty:1030 - CMSIS Pack Vendor :STMicroelectronics PDM2PCM 3.2.0
2024-01-22 13:45:22,271 [INFO] ThirdParty:841 - exiting critical section [change project]
2024-01-22 13:45:23,088 [INFO] PinOutPanel:1499 - setPackage(No Configuration,No Configuration)
2024-01-22 13:45:23,092 [INFO] PinOutPanel:1499 - setPackage(STM32F103RBTx,LQFP64)
2024-01-22 13:45:24,230 [INFO] UtilMem:75 - Before build in PCC Used Memory: 555677184 Bytes (1073741824)
2024-01-22 13:45:26,278 [INFO] UtilMem:75 - After build in PCC Used Memory: 654243328 Bytes (1073741824)
2024-01-22 13:45:26,391 [INFO] IPUIPlugin:80 - create IPUIPlugin
2024-01-22 13:45:26,391 [INFO] IPUIPlugin:80 - create IPUIPlugin
2024-01-22 13:45:26,391 [INFO] IPUIPlugin:80 - create IPUIPlugin
2024-01-22 13:45:26,393 [INFO] IPUIPlugin:80 - create IPUIPlugin
2024-01-22 13:45:26,394 [INFO] IPUIPlugin:80 - create IPUIPlugin
2024-01-22 13:45:26,394 [INFO] IPUIPlugin:80 - create IPUIPlugin
2024-01-22 13:45:26,395 [INFO] IPUIPlugin:80 - create IPUIPlugin
2024-01-22 13:45:26,395 [INFO] IPUIPlugin:80 - create IPUIPlugin
2024-01-22 13:45:26,396 [INFO] IPUIPlugin:80 - create IPUIPlugin
2024-01-22 13:45:26,397 [INFO] IPUIPlugin:80 - create IPUIPlugin
2024-01-22 13:45:26,398 [INFO] IPUIPlugin:80 - create IPUIPlugin
2024-01-22 13:45:26,399 [INFO] IPUIPlugin:80 - create IPUIPlugin
2024-01-22 13:45:26,400 [INFO] IPUIPlugin:80 - create IPUIPlugin
2024-01-22 13:45:26,401 [INFO] IPUIPlugin:80 - create IPUIPlugin
2024-01-22 13:45:26,402 [INFO] IPUIPlugin:80 - create IPUIPlugin
2024-01-22 13:45:26,403 [INFO] IPUIPlugin:80 - create IPUIPlugin
2024-01-22 13:45:26,404 [INFO] IPUIPlugin:80 - create IPUIPlugin
2024-01-22 13:45:26,405 [INFO] IPUIPlugin:80 - create IPUIPlugin
2024-01-22 13:45:26,406 [INFO] IPUIPlugin:80 - create IPUIPlugin
2024-01-22 13:45:26,406 [INFO] IPUIPlugin:80 - create IPUIPlugin
2024-01-22 13:45:26,407 [INFO] IPUIPlugin:80 - create IPUIPlugin
2024-01-22 13:45:26,408 [INFO] IPUIPlugin:80 - create IPUIPlugin
2024-01-22 13:45:26,409 [INFO] IPUIPlugin:80 - create IPUIPlugin
2024-01-22 13:45:26,410 [INFO] IPUIPlugin:80 - create IPUIPlugin
2024-01-22 13:45:26,410 [INFO] IPUIPlugin:80 - create IPUIPlugin
2024-01-22 13:45:26,411 [INFO] IPUIPlugin:80 - create IPUIPlugin
2024-01-22 13:45:26,412 [INFO] IPUIPlugin:80 - create IPUIPlugin
2024-01-22 13:45:26,995 [INFO] CADModel:165 - CPN selected for project levelSTM32F103RBT6
2024-01-22 13:45:26,995 [INFO] CADModel:114 - Register for checkConnection events
2024-01-22 13:45:27,081 [INFO] OpenFileManager:343 - Restore cursor
2024-01-22 13:45:50,750 [INFO] Gpio:277 - dependency for GPIO [SYS, USART2]
2024-01-22 13:46:17,260 [INFO] UtilMem:75 - End SaveConfig() Used Memory: 759799896 Bytes (1073741824)
2024-01-22 13:46:23,700 [INFO] UtilMem:75 - End SaveConfig() Used Memory: 911321176 Bytes (1073741824)
2024-01-22 13:46:24,949 [INFO] BlockDiagram:2759 - set Specific Code input for plugin: NVIC
2024-01-22 13:46:24,950 [INFO] BlockDiagram:2759 - set Specific Code input for plugin: USART
2024-01-22 13:46:24,951 [INFO] BlockDiagram:2759 - set Specific Code input for plugin: SYS
2024-01-22 13:46:24,952 [INFO] BlockDiagram:2759 - set Specific Code input for plugin: GPIO
2024-01-22 13:46:24,953 [INFO] BlockDiagram:2759 - set Specific Code input for plugin: RCC
2024-01-22 13:46:24,957 [INFO] CodeGenerator:807 - code generatio: config db path: C:\ST\STM32CubeIDE_1.14.0\STM32CubeIDE\plugins\com.st.stm32cube.common.mx_6.10.0.202311202037\\db\
2024-01-22 13:46:25,624 [INFO] CodeEngine:255 - oldGeneratedFile, C:\Users\otabek\STM32CubeIDE\workspace_1.14.0\EXTI\MXTmpFiles\license.tmp_save
2024-01-22 13:46:26,571 [INFO] CodeEngine:279 - Generated code: C:\Users\otabek\STM32CubeIDE\workspace_1.14.0\EXTI\MXTmpFiles\license.tmp
2024-01-22 13:46:26,859 [INFO] CodeEngine:255 - oldGeneratedFile, C:\Users\otabek\STM32CubeIDE\workspace_1.14.0\EXTI\MXTmpFiles\gpio.tmp_save
2024-01-22 13:46:27,256 [INFO] CodeEngine:279 - Generated code: C:\Users\otabek\STM32CubeIDE\workspace_1.14.0\EXTI\MXTmpFiles\gpio.tmp
2024-01-22 13:46:27,567 [INFO] CodeEngine:255 - oldGeneratedFile, C:\Users\otabek\STM32CubeIDE\workspace_1.14.0\EXTI\Core\Src\stm32f1xx_it.c_save
2024-01-22 13:46:27,975 [INFO] CodeEngine:279 - Generated code: C:\Users\otabek\STM32CubeIDE\workspace_1.14.0\EXTI\Core\Src\stm32f1xx_it.c
2024-01-22 13:46:28,036 [INFO] CodeEngine:255 - oldGeneratedFile, C:\Users\otabek\STM32CubeIDE\workspace_1.14.0\EXTI\Core\Inc\stm32f1xx_it.h_save
2024-01-22 13:46:28,285 [INFO] CodeEngine:279 - Generated code: C:\Users\otabek\STM32CubeIDE\workspace_1.14.0\EXTI\Core\Inc\stm32f1xx_it.h
2024-01-22 13:46:28,387 [INFO] CodeEngine:255 - oldGeneratedFile, C:\Users\otabek\STM32CubeIDE\workspace_1.14.0\EXTI\Core\Src\stm32f1xx_hal_msp.c_save
2024-01-22 13:46:28,778 [INFO] CodeEngine:279 - Generated code: C:\Users\otabek\STM32CubeIDE\workspace_1.14.0\EXTI\Core\Src\stm32f1xx_hal_msp.c
2024-01-22 13:46:28,830 [INFO] CodeEngine:255 - oldGeneratedFile, C:\Users\otabek\STM32CubeIDE\workspace_1.14.0\EXTI\MXTmpFiles\system.tmp_save
2024-01-22 13:46:29,448 [INFO] CodeEngine:279 - Generated code: C:\Users\otabek\STM32CubeIDE\workspace_1.14.0\EXTI\MXTmpFiles\system.tmp
2024-01-22 13:46:29,563 [INFO] CodeEngine:311 - oldGeneratedFile, C:\Users\otabek\STM32CubeIDE\workspace_1.14.0\EXTI\Core\Inc\stm32f1xx_hal_conf.h_save
2024-01-22 13:46:30,377 [INFO] CodeEngine:335 - Generated code: C:\Users\otabek\STM32CubeIDE\workspace_1.14.0\EXTI\Core\Inc\stm32f1xx_hal_conf.h
2024-01-22 13:46:30,575 [INFO] CodeEngine:255 - oldGeneratedFile, C:\Users\otabek\STM32CubeIDE\workspace_1.14.0\EXTI\Core\Inc\main.h_save
2024-01-22 13:46:30,891 [INFO] CodeEngine:279 - Generated code: C:\Users\otabek\STM32CubeIDE\workspace_1.14.0\EXTI\Core\Inc\main.h
2024-01-22 13:46:30,960 [INFO] CodeEngine:255 - oldGeneratedFile, C:\Users\otabek\STM32CubeIDE\workspace_1.14.0\EXTI\Core\Src\main.c_save
2024-01-22 13:46:31,394 [INFO] CodeEngine:279 - Generated code: C:\Users\otabek\STM32CubeIDE\workspace_1.14.0\EXTI\Core\Src\main.c
2024-01-22 13:46:32,945 [INFO] ProjectBuilder:3076 - Time for Copy HAL[1] : 436mS.
2024-01-22 13:46:32,965 [INFO] ProjectBuilder:4485 - Project Generator version: 4.2.0-B44
2024-01-22 13:46:33,624 [INFO] ConfigFileManager:1495 - The Die is : DIE410
2024-01-22 13:46:33,703 [INFO] ApiDbMcu:508 - Load IP Config File for FATFS
2024-01-22 13:46:33,750 [INFO] ApiDbMcu:508 - Load IP Config File for FREERTOS
2024-01-22 13:46:33,794 [INFO] ApiDbMcu:508 - Load IP Config File for USB_DEVICE
2024-01-22 13:46:36,608 [INFO] LogOutputStream:77 - [STDOUT_REDIRECT] 
2024-01-22 13:46:41,444 [INFO] ProjectBuilder:4747 - Time for Generating toolchain IDE Files: 8479mS.
2024-01-22 13:46:41,450 [INFO] ProjectBuilder:2947 - Time for Copy CMSIS : 4mS.
2024-01-22 13:46:41,456 [INFO] ProjectBuilder:2947 - Time for Copy CMSIS : 0mS.
2024-01-22 13:47:14,579 [INFO] UtilMem:75 - End SaveConfig() Used Memory: 728091776 Bytes (1073741824)
2024-01-22 13:47:17,518 [INFO] UtilMem:75 - End SaveConfig() Used Memory: 824560768 Bytes (1073741824)
2024-01-22 13:47:18,066 [INFO] BlockDiagram:2759 - set Specific Code input for plugin: NVIC
2024-01-22 13:47:18,067 [INFO] BlockDiagram:2759 - set Specific Code input for plugin: USART
2024-01-22 13:47:18,067 [INFO] BlockDiagram:2759 - set Specific Code input for plugin: SYS
2024-01-22 13:47:18,068 [INFO] BlockDiagram:2759 - set Specific Code input for plugin: GPIO
2024-01-22 13:47:18,069 [INFO] BlockDiagram:2759 - set Specific Code input for plugin: RCC
2024-01-22 13:47:18,073 [INFO] CodeGenerator:807 - code generatio: config db path: C:\ST\STM32CubeIDE_1.14.0\STM32CubeIDE\plugins\com.st.stm32cube.common.mx_6.10.0.202311202037\\db\
2024-01-22 13:47:18,442 [INFO] CodeEngine:255 - oldGeneratedFile, C:\Users\otabek\STM32CubeIDE\workspace_1.14.0\EXTI\MXTmpFiles\license.tmp_save
2024-01-22 13:47:18,749 [INFO] CodeEngine:279 - Generated code: C:\Users\otabek\STM32CubeIDE\workspace_1.14.0\EXTI\MXTmpFiles\license.tmp
2024-01-22 13:47:18,821 [INFO] CodeEngine:255 - oldGeneratedFile, C:\Users\otabek\STM32CubeIDE\workspace_1.14.0\EXTI\MXTmpFiles\gpio.tmp_save
2024-01-22 13:47:19,263 [INFO] CodeEngine:279 - Generated code: C:\Users\otabek\STM32CubeIDE\workspace_1.14.0\EXTI\MXTmpFiles\gpio.tmp
2024-01-22 13:47:19,491 [INFO] CodeEngine:255 - oldGeneratedFile, C:\Users\otabek\STM32CubeIDE\workspace_1.14.0\EXTI\Core\Src\stm32f1xx_it.c_save
2024-01-22 13:47:19,780 [INFO] CodeEngine:279 - Generated code: C:\Users\otabek\STM32CubeIDE\workspace_1.14.0\EXTI\Core\Src\stm32f1xx_it.c
2024-01-22 13:47:19,801 [INFO] CodeEngine:255 - oldGeneratedFile, C:\Users\otabek\STM32CubeIDE\workspace_1.14.0\EXTI\Core\Inc\stm32f1xx_it.h_save
2024-01-22 13:47:19,942 [INFO] CodeEngine:279 - Generated code: C:\Users\otabek\STM32CubeIDE\workspace_1.14.0\EXTI\Core\Inc\stm32f1xx_it.h
2024-01-22 13:47:20,024 [INFO] CodeEngine:255 - oldGeneratedFile, C:\Users\otabek\STM32CubeIDE\workspace_1.14.0\EXTI\Core\Src\stm32f1xx_hal_msp.c_save
2024-01-22 13:47:20,269 [INFO] CodeEngine:279 - Generated code: C:\Users\otabek\STM32CubeIDE\workspace_1.14.0\EXTI\Core\Src\stm32f1xx_hal_msp.c
2024-01-22 13:47:20,284 [INFO] CodeEngine:255 - oldGeneratedFile, C:\Users\otabek\STM32CubeIDE\workspace_1.14.0\EXTI\MXTmpFiles\system.tmp_save
2024-01-22 13:47:20,442 [INFO] CodeEngine:279 - Generated code: C:\Users\otabek\STM32CubeIDE\workspace_1.14.0\EXTI\MXTmpFiles\system.tmp
2024-01-22 13:47:20,496 [INFO] CodeEngine:311 - oldGeneratedFile, C:\Users\otabek\STM32CubeIDE\workspace_1.14.0\EXTI\Core\Inc\stm32f1xx_hal_conf.h_save
2024-01-22 13:47:20,710 [INFO] CodeEngine:335 - Generated code: C:\Users\otabek\STM32CubeIDE\workspace_1.14.0\EXTI\Core\Inc\stm32f1xx_hal_conf.h
2024-01-22 13:47:20,818 [INFO] CodeEngine:255 - oldGeneratedFile, C:\Users\otabek\STM32CubeIDE\workspace_1.14.0\EXTI\Core\Inc\main.h_save
2024-01-22 13:47:20,993 [INFO] CodeEngine:279 - Generated code: C:\Users\otabek\STM32CubeIDE\workspace_1.14.0\EXTI\Core\Inc\main.h
2024-01-22 13:47:21,032 [INFO] CodeEngine:255 - oldGeneratedFile, C:\Users\otabek\STM32CubeIDE\workspace_1.14.0\EXTI\Core\Src\main.c_save
2024-01-22 13:47:21,397 [INFO] CodeEngine:279 - Generated code: C:\Users\otabek\STM32CubeIDE\workspace_1.14.0\EXTI\Core\Src\main.c
2024-01-22 13:47:22,641 [INFO] ProjectBuilder:3076 - Time for Copy HAL[1] : 370mS.
2024-01-22 13:47:22,658 [INFO] ProjectBuilder:4485 - Project Generator version: 4.2.0-B44
2024-01-22 13:47:23,225 [INFO] ConfigFileManager:1495 - The Die is : DIE410
2024-01-22 13:47:26,952 [INFO] ProjectBuilder:4747 - Time for Generating toolchain IDE Files: 4293mS.
2024-01-22 13:47:26,954 [INFO] ProjectBuilder:2947 - Time for Copy CMSIS : 2mS.
2024-01-22 13:47:26,965 [INFO] ProjectBuilder:2947 - Time for Copy CMSIS : 2mS.
2024-01-22 13:47:56,160 [INFO] UtilMem:75 - End SaveConfig() Used Memory: 763104528 Bytes (1073741824)
2024-01-22 13:47:56,612 [INFO] BlockDiagram:2759 - set Specific Code input for plugin: NVIC
2024-01-22 13:47:56,613 [INFO] BlockDiagram:2759 - set Specific Code input for plugin: USART
2024-01-22 13:47:56,614 [INFO] BlockDiagram:2759 - set Specific Code input for plugin: SYS
2024-01-22 13:47:56,615 [INFO] BlockDiagram:2759 - set Specific Code input for plugin: GPIO
2024-01-22 13:47:56,616 [INFO] BlockDiagram:2759 - set Specific Code input for plugin: RCC
2024-01-22 13:47:56,619 [INFO] CodeGenerator:807 - code generatio: config db path: C:\ST\STM32CubeIDE_1.14.0\STM32CubeIDE\plugins\com.st.stm32cube.common.mx_6.10.0.202311202037\\db\
2024-01-22 13:47:57,067 [INFO] CodeEngine:255 - oldGeneratedFile, C:\Users\otabek\STM32CubeIDE\workspace_1.14.0\EXTI\MXTmpFiles\license.tmp_save
2024-01-22 13:47:57,261 [INFO] CodeEngine:279 - Generated code: C:\Users\otabek\STM32CubeIDE\workspace_1.14.0\EXTI\MXTmpFiles\license.tmp
2024-01-22 13:47:57,314 [INFO] CodeEngine:255 - oldGeneratedFile, C:\Users\otabek\STM32CubeIDE\workspace_1.14.0\EXTI\MXTmpFiles\gpio.tmp_save
2024-01-22 13:47:57,520 [INFO] CodeEngine:279 - Generated code: C:\Users\otabek\STM32CubeIDE\workspace_1.14.0\EXTI\MXTmpFiles\gpio.tmp
2024-01-22 13:47:57,678 [INFO] CodeEngine:255 - oldGeneratedFile, C:\Users\otabek\STM32CubeIDE\workspace_1.14.0\EXTI\Core\Src\stm32f1xx_it.c_save
2024-01-22 13:47:57,889 [INFO] CodeEngine:279 - Generated code: C:\Users\otabek\STM32CubeIDE\workspace_1.14.0\EXTI\Core\Src\stm32f1xx_it.c
2024-01-22 13:47:57,906 [INFO] CodeEngine:255 - oldGeneratedFile, C:\Users\otabek\STM32CubeIDE\workspace_1.14.0\EXTI\Core\Inc\stm32f1xx_it.h_save
2024-01-22 13:47:58,103 [INFO] CodeEngine:279 - Generated code: C:\Users\otabek\STM32CubeIDE\workspace_1.14.0\EXTI\Core\Inc\stm32f1xx_it.h
2024-01-22 13:47:58,175 [INFO] CodeEngine:255 - oldGeneratedFile, C:\Users\otabek\STM32CubeIDE\workspace_1.14.0\EXTI\Core\Src\stm32f1xx_hal_msp.c_save
2024-01-22 13:47:58,393 [INFO] CodeEngine:279 - Generated code: C:\Users\otabek\STM32CubeIDE\workspace_1.14.0\EXTI\Core\Src\stm32f1xx_hal_msp.c
2024-01-22 13:47:58,407 [INFO] CodeEngine:255 - oldGeneratedFile, C:\Users\otabek\STM32CubeIDE\workspace_1.14.0\EXTI\MXTmpFiles\system.tmp_save
2024-01-22 13:47:58,531 [INFO] CodeEngine:279 - Generated code: C:\Users\otabek\STM32CubeIDE\workspace_1.14.0\EXTI\MXTmpFiles\system.tmp
2024-01-22 13:47:58,581 [INFO] CodeEngine:311 - oldGeneratedFile, C:\Users\otabek\STM32CubeIDE\workspace_1.14.0\EXTI\Core\Inc\stm32f1xx_hal_conf.h_save
2024-01-22 13:47:58,798 [INFO] CodeEngine:335 - Generated code: C:\Users\otabek\STM32CubeIDE\workspace_1.14.0\EXTI\Core\Inc\stm32f1xx_hal_conf.h
2024-01-22 13:47:58,881 [INFO] CodeEngine:255 - oldGeneratedFile, C:\Users\otabek\STM32CubeIDE\workspace_1.14.0\EXTI\Core\Inc\main.h_save
2024-01-22 13:47:59,048 [INFO] CodeEngine:279 - Generated code: C:\Users\otabek\STM32CubeIDE\workspace_1.14.0\EXTI\Core\Inc\main.h
2024-01-22 13:47:59,099 [INFO] CodeEngine:255 - oldGeneratedFile, C:\Users\otabek\STM32CubeIDE\workspace_1.14.0\EXTI\Core\Src\main.c_save
2024-01-22 13:47:59,345 [INFO] CodeEngine:279 - Generated code: C:\Users\otabek\STM32CubeIDE\workspace_1.14.0\EXTI\Core\Src\main.c
2024-01-22 13:48:00,487 [INFO] ProjectBuilder:3076 - Time for Copy HAL[1] : 344mS.
2024-01-22 13:48:00,496 [INFO] ProjectBuilder:4485 - Project Generator version: 4.2.0-B44
2024-01-22 13:48:01,046 [INFO] ConfigFileManager:1495 - The Die is : DIE410
2024-01-22 13:48:04,330 [INFO] ProjectBuilder:4747 - Time for Generating toolchain IDE Files: 3835mS.
2024-01-22 13:48:04,332 [INFO] ProjectBuilder:2947 - Time for Copy CMSIS : 1mS.
2024-01-22 13:48:04,362 [INFO] ProjectBuilder:2947 - Time for Copy CMSIS : 0mS.
2024-01-22 13:48:51,266 [INFO] UtilMem:75 - End SaveConfig() Used Memory: 741148968 Bytes (1073741824)
2024-01-22 13:49:00,192 [INFO] UtilMem:75 - End SaveConfig() Used Memory: 614274440 Bytes (1073741824)
2024-01-22 13:49:00,659 [INFO] BlockDiagram:2759 - set Specific Code input for plugin: NVIC
2024-01-22 13:49:00,659 [INFO] BlockDiagram:2759 - set Specific Code input for plugin: USART
2024-01-22 13:49:00,660 [INFO] BlockDiagram:2759 - set Specific Code input for plugin: SYS
2024-01-22 13:49:00,660 [INFO] BlockDiagram:2759 - set Specific Code input for plugin: GPIO
2024-01-22 13:49:00,661 [INFO] BlockDiagram:2759 - set Specific Code input for plugin: RCC
2024-01-22 13:49:00,663 [INFO] CodeGenerator:807 - code generatio: config db path: C:\ST\STM32CubeIDE_1.14.0\STM32CubeIDE\plugins\com.st.stm32cube.common.mx_6.10.0.202311202037\\db\
2024-01-22 13:49:01,016 [INFO] CodeEngine:255 - oldGeneratedFile, C:\Users\otabek\STM32CubeIDE\workspace_1.14.0\EXTI\MXTmpFiles\license.tmp_save
2024-01-22 13:49:01,211 [INFO] CodeEngine:279 - Generated code: C:\Users\otabek\STM32CubeIDE\workspace_1.14.0\EXTI\MXTmpFiles\license.tmp
2024-01-22 13:49:01,262 [INFO] CodeEngine:255 - oldGeneratedFile, C:\Users\otabek\STM32CubeIDE\workspace_1.14.0\EXTI\MXTmpFiles\gpio.tmp_save
2024-01-22 13:49:01,518 [INFO] CodeEngine:279 - Generated code: C:\Users\otabek\STM32CubeIDE\workspace_1.14.0\EXTI\MXTmpFiles\gpio.tmp
2024-01-22 13:49:01,663 [INFO] CodeEngine:255 - oldGeneratedFile, C:\Users\otabek\STM32CubeIDE\workspace_1.14.0\EXTI\Core\Src\stm32f1xx_it.c_save
2024-01-22 13:49:01,896 [INFO] CodeEngine:279 - Generated code: C:\Users\otabek\STM32CubeIDE\workspace_1.14.0\EXTI\Core\Src\stm32f1xx_it.c
2024-01-22 13:49:01,913 [INFO] CodeEngine:255 - oldGeneratedFile, C:\Users\otabek\STM32CubeIDE\workspace_1.14.0\EXTI\Core\Inc\stm32f1xx_it.h_save
2024-01-22 13:49:02,062 [INFO] CodeEngine:279 - Generated code: C:\Users\otabek\STM32CubeIDE\workspace_1.14.0\EXTI\Core\Inc\stm32f1xx_it.h
2024-01-22 13:49:02,129 [INFO] CodeEngine:255 - oldGeneratedFile, C:\Users\otabek\STM32CubeIDE\workspace_1.14.0\EXTI\Core\Src\stm32f1xx_hal_msp.c_save
2024-01-22 13:49:02,348 [INFO] CodeEngine:279 - Generated code: C:\Users\otabek\STM32CubeIDE\workspace_1.14.0\EXTI\Core\Src\stm32f1xx_hal_msp.c
2024-01-22 13:49:02,361 [INFO] CodeEngine:255 - oldGeneratedFile, C:\Users\otabek\STM32CubeIDE\workspace_1.14.0\EXTI\MXTmpFiles\system.tmp_save
2024-01-22 13:49:02,487 [INFO] CodeEngine:279 - Generated code: C:\Users\otabek\STM32CubeIDE\workspace_1.14.0\EXTI\MXTmpFiles\system.tmp
2024-01-22 13:49:02,538 [INFO] CodeEngine:311 - oldGeneratedFile, C:\Users\otabek\STM32CubeIDE\workspace_1.14.0\EXTI\Core\Inc\stm32f1xx_hal_conf.h_save
2024-01-22 13:49:02,749 [INFO] CodeEngine:335 - Generated code: C:\Users\otabek\STM32CubeIDE\workspace_1.14.0\EXTI\Core\Inc\stm32f1xx_hal_conf.h
2024-01-22 13:49:02,841 [INFO] CodeEngine:255 - oldGeneratedFile, C:\Users\otabek\STM32CubeIDE\workspace_1.14.0\EXTI\Core\Inc\main.h_save
2024-01-22 13:49:03,016 [INFO] CodeEngine:279 - Generated code: C:\Users\otabek\STM32CubeIDE\workspace_1.14.0\EXTI\Core\Inc\main.h
2024-01-22 13:49:03,053 [INFO] CodeEngine:255 - oldGeneratedFile, C:\Users\otabek\STM32CubeIDE\workspace_1.14.0\EXTI\Core\Src\main.c_save
2024-01-22 13:49:03,255 [INFO] CodeEngine:279 - Generated code: C:\Users\otabek\STM32CubeIDE\workspace_1.14.0\EXTI\Core\Src\main.c
2024-01-22 13:49:04,492 [INFO] ProjectBuilder:3076 - Time for Copy HAL[1] : 354mS.
2024-01-22 13:49:04,500 [INFO] ProjectBuilder:4485 - Project Generator version: 4.2.0-B44
2024-01-22 13:49:05,041 [INFO] ConfigFileManager:1495 - The Die is : DIE410
2024-01-22 13:49:08,267 [INFO] ProjectBuilder:4747 - Time for Generating toolchain IDE Files: 3766mS.
2024-01-22 13:49:08,271 [INFO] ProjectBuilder:2947 - Time for Copy CMSIS : 2mS.
2024-01-22 13:49:08,290 [INFO] ProjectBuilder:2947 - Time for Copy CMSIS : 10mS.
2024-01-22 13:50:01,100 [INFO] UtilMem:75 - End SaveConfig() Used Memory: 784361128 Bytes (1073741824)
2024-01-22 13:50:01,569 [INFO] BlockDiagram:2759 - set Specific Code input for plugin: NVIC
2024-01-22 13:50:01,570 [INFO] BlockDiagram:2759 - set Specific Code input for plugin: USART
2024-01-22 13:50:01,570 [INFO] BlockDiagram:2759 - set Specific Code input for plugin: SYS
2024-01-22 13:50:01,571 [INFO] BlockDiagram:2759 - set Specific Code input for plugin: GPIO
2024-01-22 13:50:01,571 [INFO] BlockDiagram:2759 - set Specific Code input for plugin: RCC
2024-01-22 13:50:01,574 [INFO] CodeGenerator:807 - code generatio: config db path: C:\ST\STM32CubeIDE_1.14.0\STM32CubeIDE\plugins\com.st.stm32cube.common.mx_6.10.0.202311202037\\db\
2024-01-22 13:50:01,942 [INFO] CodeEngine:255 - oldGeneratedFile, C:\Users\otabek\STM32CubeIDE\workspace_1.14.0\EXTI\MXTmpFiles\license.tmp_save
2024-01-22 13:50:02,121 [INFO] CodeEngine:279 - Generated code: C:\Users\otabek\STM32CubeIDE\workspace_1.14.0\EXTI\MXTmpFiles\license.tmp
2024-01-22 13:50:02,169 [INFO] CodeEngine:255 - oldGeneratedFile, C:\Users\otabek\STM32CubeIDE\workspace_1.14.0\EXTI\MXTmpFiles\gpio.tmp_save
2024-01-22 13:50:02,391 [INFO] CodeEngine:279 - Generated code: C:\Users\otabek\STM32CubeIDE\workspace_1.14.0\EXTI\MXTmpFiles\gpio.tmp
2024-01-22 13:50:02,499 [INFO] CodeEngine:255 - oldGeneratedFile, C:\Users\otabek\STM32CubeIDE\workspace_1.14.0\EXTI\Core\Src\stm32f1xx_it.c_save
2024-01-22 13:50:02,668 [INFO] CodeEngine:279 - Generated code: C:\Users\otabek\STM32CubeIDE\workspace_1.14.0\EXTI\Core\Src\stm32f1xx_it.c
2024-01-22 13:50:02,680 [INFO] CodeEngine:255 - oldGeneratedFile, C:\Users\otabek\STM32CubeIDE\workspace_1.14.0\EXTI\Core\Inc\stm32f1xx_it.h_save
2024-01-22 13:50:02,870 [INFO] CodeEngine:279 - Generated code: C:\Users\otabek\STM32CubeIDE\workspace_1.14.0\EXTI\Core\Inc\stm32f1xx_it.h
2024-01-22 13:50:02,927 [INFO] CodeEngine:255 - oldGeneratedFile, C:\Users\otabek\STM32CubeIDE\workspace_1.14.0\EXTI\Core\Src\stm32f1xx_hal_msp.c_save
2024-01-22 13:50:03,131 [INFO] CodeEngine:279 - Generated code: C:\Users\otabek\STM32CubeIDE\workspace_1.14.0\EXTI\Core\Src\stm32f1xx_hal_msp.c
2024-01-22 13:50:03,145 [INFO] CodeEngine:255 - oldGeneratedFile, C:\Users\otabek\STM32CubeIDE\workspace_1.14.0\EXTI\MXTmpFiles\system.tmp_save
2024-01-22 13:50:03,264 [INFO] CodeEngine:279 - Generated code: C:\Users\otabek\STM32CubeIDE\workspace_1.14.0\EXTI\MXTmpFiles\system.tmp
2024-01-22 13:50:03,305 [INFO] CodeEngine:311 - oldGeneratedFile, C:\Users\otabek\STM32CubeIDE\workspace_1.14.0\EXTI\Core\Inc\stm32f1xx_hal_conf.h_save
2024-01-22 13:50:03,537 [INFO] CodeEngine:335 - Generated code: C:\Users\otabek\STM32CubeIDE\workspace_1.14.0\EXTI\Core\Inc\stm32f1xx_hal_conf.h
2024-01-22 13:50:03,625 [INFO] CodeEngine:255 - oldGeneratedFile, C:\Users\otabek\STM32CubeIDE\workspace_1.14.0\EXTI\Core\Inc\main.h_save
2024-01-22 13:50:03,811 [INFO] CodeEngine:279 - Generated code: C:\Users\otabek\STM32CubeIDE\workspace_1.14.0\EXTI\Core\Inc\main.h
2024-01-22 13:50:03,849 [INFO] CodeEngine:255 - oldGeneratedFile, C:\Users\otabek\STM32CubeIDE\workspace_1.14.0\EXTI\Core\Src\main.c_save
2024-01-22 13:50:04,059 [INFO] CodeEngine:279 - Generated code: C:\Users\otabek\STM32CubeIDE\workspace_1.14.0\EXTI\Core\Src\main.c
2024-01-22 13:50:05,210 [INFO] ProjectBuilder:3076 - Time for Copy HAL[1] : 318mS.
2024-01-22 13:50:05,217 [INFO] ProjectBuilder:4485 - Project Generator version: 4.2.0-B44
2024-01-22 13:50:05,789 [INFO] ConfigFileManager:1495 - The Die is : DIE410
2024-01-22 13:50:08,903 [INFO] ProjectBuilder:4747 - Time for Generating toolchain IDE Files: 3686mS.
2024-01-22 13:50:08,907 [INFO] ProjectBuilder:2947 - Time for Copy CMSIS : 3mS.
2024-01-22 13:50:08,917 [INFO] ProjectBuilder:2947 - Time for Copy CMSIS : 0mS.
2024-01-22 13:55:04,385 [INFO] UtilMem:75 - End SaveConfig() Used Memory: 763965504 Bytes (1073741824)
2024-01-22 13:55:04,909 [INFO] BlockDiagram:2759 - set Specific Code input for plugin: NVIC
2024-01-22 13:55:04,909 [INFO] BlockDiagram:2759 - set Specific Code input for plugin: USART
2024-01-22 13:55:04,909 [INFO] BlockDiagram:2759 - set Specific Code input for plugin: SYS
2024-01-22 13:55:04,910 [INFO] BlockDiagram:2759 - set Specific Code input for plugin: GPIO
2024-01-22 13:55:04,910 [INFO] BlockDiagram:2759 - set Specific Code input for plugin: RCC
2024-01-22 13:55:04,916 [INFO] CodeGenerator:807 - code generatio: config db path: C:\ST\STM32CubeIDE_1.14.0\STM32CubeIDE\plugins\com.st.stm32cube.common.mx_6.10.0.202311202037\\db\
2024-01-22 13:55:05,236 [INFO] CodeEngine:255 - oldGeneratedFile, C:\Users\otabek\STM32CubeIDE\workspace_1.14.0\EXTI\MXTmpFiles\license.tmp_save
2024-01-22 13:55:05,476 [INFO] CodeEngine:279 - Generated code: C:\Users\otabek\STM32CubeIDE\workspace_1.14.0\EXTI\MXTmpFiles\license.tmp
2024-01-22 13:55:05,539 [INFO] CodeEngine:255 - oldGeneratedFile, C:\Users\otabek\STM32CubeIDE\workspace_1.14.0\EXTI\MXTmpFiles\gpio.tmp_save
2024-01-22 13:55:05,773 [INFO] CodeEngine:279 - Generated code: C:\Users\otabek\STM32CubeIDE\workspace_1.14.0\EXTI\MXTmpFiles\gpio.tmp
2024-01-22 13:55:05,896 [INFO] CodeEngine:255 - oldGeneratedFile, C:\Users\otabek\STM32CubeIDE\workspace_1.14.0\EXTI\Core\Src\stm32f1xx_it.c_save
2024-01-22 13:55:06,085 [INFO] CodeEngine:279 - Generated code: C:\Users\otabek\STM32CubeIDE\workspace_1.14.0\EXTI\Core\Src\stm32f1xx_it.c
2024-01-22 13:55:06,101 [INFO] CodeEngine:255 - oldGeneratedFile, C:\Users\otabek\STM32CubeIDE\workspace_1.14.0\EXTI\Core\Inc\stm32f1xx_it.h_save
2024-01-22 13:55:06,236 [INFO] CodeEngine:279 - Generated code: C:\Users\otabek\STM32CubeIDE\workspace_1.14.0\EXTI\Core\Inc\stm32f1xx_it.h
2024-01-22 13:55:06,282 [INFO] CodeEngine:255 - oldGeneratedFile, C:\Users\otabek\STM32CubeIDE\workspace_1.14.0\EXTI\Core\Src\stm32f1xx_hal_msp.c_save
2024-01-22 13:55:06,468 [INFO] CodeEngine:279 - Generated code: C:\Users\otabek\STM32CubeIDE\workspace_1.14.0\EXTI\Core\Src\stm32f1xx_hal_msp.c
2024-01-22 13:55:06,479 [INFO] CodeEngine:255 - oldGeneratedFile, C:\Users\otabek\STM32CubeIDE\workspace_1.14.0\EXTI\MXTmpFiles\system.tmp_save
2024-01-22 13:55:06,610 [INFO] CodeEngine:279 - Generated code: C:\Users\otabek\STM32CubeIDE\workspace_1.14.0\EXTI\MXTmpFiles\system.tmp
2024-01-22 13:55:06,659 [INFO] CodeEngine:311 - oldGeneratedFile, C:\Users\otabek\STM32CubeIDE\workspace_1.14.0\EXTI\Core\Inc\stm32f1xx_hal_conf.h_save
2024-01-22 13:55:06,888 [INFO] CodeEngine:335 - Generated code: C:\Users\otabek\STM32CubeIDE\workspace_1.14.0\EXTI\Core\Inc\stm32f1xx_hal_conf.h
2024-01-22 13:55:06,991 [INFO] CodeEngine:255 - oldGeneratedFile, C:\Users\otabek\STM32CubeIDE\workspace_1.14.0\EXTI\Core\Inc\main.h_save
2024-01-22 13:55:07,130 [INFO] CodeEngine:279 - Generated code: C:\Users\otabek\STM32CubeIDE\workspace_1.14.0\EXTI\Core\Inc\main.h
2024-01-22 13:55:07,170 [INFO] CodeEngine:255 - oldGeneratedFile, C:\Users\otabek\STM32CubeIDE\workspace_1.14.0\EXTI\Core\Src\main.c_save
2024-01-22 13:55:07,364 [INFO] CodeEngine:279 - Generated code: C:\Users\otabek\STM32CubeIDE\workspace_1.14.0\EXTI\Core\Src\main.c
2024-01-22 13:55:08,619 [INFO] ProjectBuilder:3076 - Time for Copy HAL[1] : 361mS.
2024-01-22 13:55:08,627 [INFO] ProjectBuilder:4485 - Project Generator version: 4.2.0-B44
2024-01-22 13:55:09,124 [INFO] ConfigFileManager:1495 - The Die is : DIE410
2024-01-22 13:55:12,060 [INFO] ProjectBuilder:4747 - Time for Generating toolchain IDE Files: 3384mS.
2024-01-22 13:55:12,093 [INFO] ProjectBuilder:2947 - Time for Copy CMSIS : 32mS.
2024-01-22 13:55:12,100 [INFO] ProjectBuilder:2947 - Time for Copy CMSIS : 0mS.
2024-01-22 13:56:46,174 [INFO] UtilMem:75 - End SaveConfig() Used Memory: 685175104 Bytes (1073741824)
2024-01-22 13:56:47,220 [INFO] UtilMem:75 - End SaveConfig() Used Memory: 779024704 Bytes (1073741824)
2024-01-22 13:56:47,659 [INFO] BlockDiagram:2759 - set Specific Code input for plugin: NVIC
2024-01-22 13:56:47,660 [INFO] BlockDiagram:2759 - set Specific Code input for plugin: USART
2024-01-22 13:56:47,660 [INFO] BlockDiagram:2759 - set Specific Code input for plugin: SYS
2024-01-22 13:56:47,662 [INFO] BlockDiagram:2759 - set Specific Code input for plugin: GPIO
2024-01-22 13:56:47,662 [INFO] BlockDiagram:2759 - set Specific Code input for plugin: RCC
2024-01-22 13:56:47,665 [INFO] CodeGenerator:807 - code generatio: config db path: C:\ST\STM32CubeIDE_1.14.0\STM32CubeIDE\plugins\com.st.stm32cube.common.mx_6.10.0.202311202037\\db\
2024-01-22 13:56:48,086 [INFO] CodeEngine:255 - oldGeneratedFile, C:\Users\otabek\STM32CubeIDE\workspace_1.14.0\EXTI\MXTmpFiles\license.tmp_save
2024-01-22 13:56:48,442 [INFO] CodeEngine:279 - Generated code: C:\Users\otabek\STM32CubeIDE\workspace_1.14.0\EXTI\MXTmpFiles\license.tmp
2024-01-22 13:56:48,518 [INFO] CodeEngine:255 - oldGeneratedFile, C:\Users\otabek\STM32CubeIDE\workspace_1.14.0\EXTI\MXTmpFiles\gpio.tmp_save
2024-01-22 13:56:48,825 [INFO] CodeEngine:279 - Generated code: C:\Users\otabek\STM32CubeIDE\workspace_1.14.0\EXTI\MXTmpFiles\gpio.tmp
2024-01-22 13:56:48,999 [INFO] CodeEngine:255 - oldGeneratedFile, C:\Users\otabek\STM32CubeIDE\workspace_1.14.0\EXTI\Core\Src\stm32f1xx_it.c_save
2024-01-22 13:56:49,248 [INFO] CodeEngine:279 - Generated code: C:\Users\otabek\STM32CubeIDE\workspace_1.14.0\EXTI\Core\Src\stm32f1xx_it.c
2024-01-22 13:56:49,263 [INFO] CodeEngine:255 - oldGeneratedFile, C:\Users\otabek\STM32CubeIDE\workspace_1.14.0\EXTI\Core\Inc\stm32f1xx_it.h_save
2024-01-22 13:56:49,441 [INFO] CodeEngine:279 - Generated code: C:\Users\otabek\STM32CubeIDE\workspace_1.14.0\EXTI\Core\Inc\stm32f1xx_it.h
2024-01-22 13:56:49,513 [INFO] CodeEngine:255 - oldGeneratedFile, C:\Users\otabek\STM32CubeIDE\workspace_1.14.0\EXTI\Core\Src\stm32f1xx_hal_msp.c_save
2024-01-22 13:56:49,711 [INFO] CodeEngine:279 - Generated code: C:\Users\otabek\STM32CubeIDE\workspace_1.14.0\EXTI\Core\Src\stm32f1xx_hal_msp.c
2024-01-22 13:56:49,722 [INFO] CodeEngine:255 - oldGeneratedFile, C:\Users\otabek\STM32CubeIDE\workspace_1.14.0\EXTI\MXTmpFiles\system.tmp_save
2024-01-22 13:56:49,856 [INFO] CodeEngine:279 - Generated code: C:\Users\otabek\STM32CubeIDE\workspace_1.14.0\EXTI\MXTmpFiles\system.tmp
2024-01-22 13:56:49,909 [INFO] CodeEngine:311 - oldGeneratedFile, C:\Users\otabek\STM32CubeIDE\workspace_1.14.0\EXTI\Core\Inc\stm32f1xx_hal_conf.h_save
2024-01-22 13:56:50,124 [INFO] CodeEngine:335 - Generated code: C:\Users\otabek\STM32CubeIDE\workspace_1.14.0\EXTI\Core\Inc\stm32f1xx_hal_conf.h
2024-01-22 13:56:50,217 [INFO] CodeEngine:255 - oldGeneratedFile, C:\Users\otabek\STM32CubeIDE\workspace_1.14.0\EXTI\Core\Inc\main.h_save
2024-01-22 13:56:50,358 [INFO] CodeEngine:279 - Generated code: C:\Users\otabek\STM32CubeIDE\workspace_1.14.0\EXTI\Core\Inc\main.h
2024-01-22 13:56:50,393 [INFO] CodeEngine:255 - oldGeneratedFile, C:\Users\otabek\STM32CubeIDE\workspace_1.14.0\EXTI\Core\Src\main.c_save
2024-01-22 13:56:50,657 [INFO] CodeEngine:279 - Generated code: C:\Users\otabek\STM32CubeIDE\workspace_1.14.0\EXTI\Core\Src\main.c
2024-01-22 13:56:51,804 [INFO] ProjectBuilder:3076 - Time for Copy HAL[1] : 329mS.
2024-01-22 13:56:51,812 [INFO] ProjectBuilder:4485 - Project Generator version: 4.2.0-B44
2024-01-22 13:56:52,447 [INFO] ConfigFileManager:1495 - The Die is : DIE410
2024-01-22 13:56:55,323 [INFO] ProjectBuilder:4747 - Time for Generating toolchain IDE Files: 3510mS.
2024-01-22 13:56:55,325 [INFO] ProjectBuilder:2947 - Time for Copy CMSIS : 2mS.
2024-01-22 13:56:55,332 [INFO] ProjectBuilder:2947 - Time for Copy CMSIS : 0mS.
